[debug] [2026-06-18T19:51:33.458Z] ----------------------------------------------------------------------
[debug] [2026-06-18T19:51:33.462Z] Command:       /opt/homebrew/Cellar/node/26.0.0/bin/node /opt/homebrew/bin/firebase deploy --only hosting:app
[debug] [2026-06-18T19:51:33.462Z] CLI Version:   15.6.0
[debug] [2026-06-18T19:51:33.462Z] Platform:      darwin
[debug] [2026-06-18T19:51:33.462Z] Node Version:  v26.0.0
[debug] [2026-06-18T19:51:33.462Z] Time:          Thu Jun 18 2026 16:51:33 GMT-0300 (Argentina Standard Time)
[debug] [2026-06-18T19:51:33.462Z] ----------------------------------------------------------------------
[debug] 
[debug] [2026-06-18T19:51:34.219Z] > command requires scopes: ["email","openid","https://www.googleapis.com/auth/cloudplatformprojects.readonly","https://www.googleapis.com/auth/firebase","https://www.googleapis.com/auth/cloud-platform"]
[debug] [2026-06-18T19:51:34.219Z] > authorizing via signed-in user (sniper22@gmail.com)
[debug] [2026-06-18T19:51:34.219Z] [iam] checking project aliados-web-22 for permissions ["firebase.projects.get","firebasehosting.sites.update"]
[debug] [2026-06-18T19:51:34.220Z] Checked if tokens are valid: false, expires at: 1781751141892
[debug] [2026-06-18T19:51:34.220Z] Checked if tokens are valid: false, expires at: 1781751141892
[debug] [2026-06-18T19:51:34.220Z] > refreshing access token with scopes: []
[debug] [2026-06-18T19:51:34.221Z] >>> [apiv2][query] POST https://www.googleapis.com/oauth2/v3/token [none]
[debug] [2026-06-18T19:51:34.221Z] >>> [apiv2][body] POST https://www.googleapis.com/oauth2/v3/token [omitted]
[debug] [2026-06-18T19:51:34.500Z] <<< [apiv2][status] POST https://www.googleapis.com/oauth2/v3/token 200
[debug] [2026-06-18T19:51:34.500Z] <<< [apiv2][body] POST https://www.googleapis.com/oauth2/v3/token [omitted]
[debug] [2026-06-18T19:51:34.517Z] >>> [apiv2][query] POST https://cloudresourcemanager.googleapis.com/v1/projects/aliados-web-22:testIamPermissions [none]
[debug] [2026-06-18T19:51:34.517Z] >>> [apiv2][(partial)header] POST https://cloudresourcemanager.googleapis.com/v1/projects/aliados-web-22:testIamPermissions  x-goog-user-project=aliados-web-22
[debug] [2026-06-18T19:51:34.517Z] >>> [apiv2][body] POST https://cloudresourcemanager.googleapis.com/v1/projects/aliados-web-22:testIamPermissions {"permissions":["firebase.projects.get","firebasehosting.sites.update"]}
[debug] [2026-06-18T19:51:35.503Z] <<< [apiv2][status] POST https://cloudresourcemanager.googleapis.com/v1/projects/aliados-web-22:testIamPermissions 200
[debug] [2026-06-18T19:51:35.503Z] <<< [apiv2][body] POST https://cloudresourcemanager.googleapis.com/v1/projects/aliados-web-22:testIamPermissions {"permissions":["firebase.projects.get","firebasehosting.sites.update"]}
[debug] [2026-06-18T19:51:35.504Z] Checked if tokens are valid: true, expires at: 1781815893501
[debug] [2026-06-18T19:51:35.504Z] Checked if tokens are valid: true, expires at: 1781815893501
[debug] [2026-06-18T19:51:35.505Z] >>> [apiv2][query] GET https://firebase.googleapis.com/v1beta1/projects/aliados-web-22 [none]
[debug] [2026-06-18T19:51:36.259Z] <<< [apiv2][status] GET https://firebase.googleapis.com/v1beta1/projects/aliados-web-22 200
[debug] [2026-06-18T19:51:36.259Z] <<< [apiv2][body] GET https://firebase.googleapis.com/v1beta1/projects/aliados-web-22 {"projectId":"aliados-web-22","projectNumber":"578160153411","displayName":"aliados","name":"projects/aliados-web-22","resources":{"hostingSite":"aliados-web-22"},"state":"ACTIVE","etag":"1_d91c3e46-d186-4ebb-9a33-1eb13ce89911"}
[info] 
[info] === Deploying to 'aliados-web-22'...
[info] 
[info] i  deploying hosting 
[debug] [2026-06-18T19:51:36.268Z] Checked if tokens are valid: true, expires at: 1781815893501
[debug] [2026-06-18T19:51:36.268Z] Checked if tokens are valid: true, expires at: 1781815893501
[debug] [2026-06-18T19:51:36.269Z] >>> [apiv2][query] POST https://firebasehosting.googleapis.com/v1beta1/projects/-/sites/aliados-app-22/versions [none]
[debug] [2026-06-18T19:51:36.269Z] >>> [apiv2][body] POST https://firebasehosting.googleapis.com/v1beta1/projects/-/sites/aliados-app-22/versions {"status":"CREATED","labels":{"deployment-tool":"cli-firebase"}}
[debug] [2026-06-18T19:51:38.249Z] <<< [apiv2][status] POST https://firebasehosting.googleapis.com/v1beta1/projects/-/sites/aliados-app-22/versions 200
[debug] [2026-06-18T19:51:38.249Z] <<< [apiv2][body] POST https://firebasehosting.googleapis.com/v1beta1/projects/-/sites/aliados-app-22/versions {"name":"projects/578160153411/sites/aliados-app-22/versions/a993ced759d53ec7","status":"CREATED","config":{},"labels":{"deployment-tool":"cli-firebase"}}
[info] i  hosting[aliados-app-22]: beginning deploy... 
[info] i  hosting[aliados-app-22]: found 103 files in apps/app/dist 
[debug] [2026-06-18T19:51:38.277Z] [hosting] uploading with 200 concurrency
[debug] [2026-06-18T19:51:38.442Z] Checked if tokens are valid: true, expires at: 1781815893501
[debug] [2026-06-18T19:51:38.442Z] Checked if tokens are valid: true, expires at: 1781815893501
[debug] [2026-06-18T19:51:38.444Z] [hosting] hash cache [YXBwcy9hcHAvZGlzdA] stored for 103 files
[debug] [2026-06-18T19:51:38.444Z] [hosting][hash queue][FINAL] {"max":158,"min":7,"avg":33.39805825242717,"active":0,"complete":103,"success":103,"errored":0,"retried":0,"total":103,"elapsed":162}
[debug] [2026-06-18T19:51:38.444Z] >>> [apiv2][query] POST https://firebasehosting.googleapis.com/v1beta1/projects/578160153411/sites/aliados-app-22/versions/a993ced759d53ec7:populateFiles [none]
[debug] [2026-06-18T19:51:38.444Z] >>> [apiv2][body] POST https://firebasehosting.googleapis.com/v1beta1/projects/578160153411/sites/aliados-app-22/versions/a993ced759d53ec7:populateFiles {"files":{"/sw.js":"12b9e1df4462be5588915df073b1730ce9624dee79eebaed1687e20d5f73f432","/sw.js.map":"dc54d80f937b0a722738d95fa22c690adc06419378d8db22638b222662c31e6e","/robots.txt":"6fc00f74998398bf9b44a3530a54b96165bfe411a068fc4a2d0162ed63c3489e","/registerSW.js":"8db45a5ae8765ce12ec241d6c5bd5d30eb81dd9163b2685c5e1b867a0e487018","/workbox-dc35afab.js":"520af0a243d46597c6ca4d53e0b16d1a0f4dc58cfafb15f299213fbf7180014d","/firebase-messaging-sw.js":"2cb16db830800a5b260bb1047a472b1205af3b4213c3ae5dadaca6716263c77b","/manifest.webmanifest":"d66e8d60a957598212b660162291c3650bbba455ad758581865e28e4acbe1eb0","/index.html":"f2d1b644d447ea99998da2e7ac4dc8b5e84b5b28308bee07ef443fddd4a5067f","/workbox-6bfcbdaa.js":"2e572fe1b183d765c55169bb5ab12dcc3947dba82c573ad02962ac52f59715c9","/assets/vendor-query-CMZxGMAq.js":"820c51c4e79bbd36166c4e4a0b7d763a21bba2bb3e08a60846acc103ddc94c1a","/assets/users-CHYzKDPX.js.map":"745fba145d64d28a8c3362c7431046e598e4fca54e9daa7375354444b02dd8e2","/assets/useTrabajo-Dj5t9q9e.js.map":"b0b30dce215b1b3e6cabecd767d1a061759cf8db31e011f5cd693f9ca72baf49","/assets/useTrabajo-Dj5t9q9e.js":"3c92644f0766b05f1f0d7c7fde8ce80dd8bd06baf339c1bdf4dd6183b0efa304","/assets/users-CHYzKDPX.js":"a6d5ad9125522599d9ddba500c45c51599e6e5e544d34df0a3d62bcdbffcf8d4","/assets/vendor-crypto-Bnp0WR_B.js":"ee1ae2c9cb7183213caf676558f8a610e23fd6c773d6b7d7793e0c3e6e8cec3b","/assets/usePushNotifications-uFbFE8wh.js":"192bc8426af7d29ddc8c9de6c3474f9a7afa2c19cfefd659a7d14d641b6dc99d","/assets/usePushNotifications-uFbFE8wh.js.map":"62e6fed8409c283b886b93de917a503286246e048dd06408810cb08f30792417","/assets/useGeocode-UnihtVeq.js":"c0ebceefb8b13304c43262fa1476510e99ff63a14049a824d06daf882792397c","/assets/useGeocode-UnihtVeq.js.map":"0043e5ab0cac89378b28b073f60f22595300263e16fc7cfc79b5fa9bdc31f417","/assets/truck-Bz0vN1Xt.js.map":"03909c27040836bda916aa1479363c00c43ea202ad9041ba9eb456a2ee53fef4","/assets/truck-Bz0vN1Xt.js":"4ad15735eb8437254bbba91e2013a0d3d06dc0b980fc53e435cc319b512ca52a","/assets/rolldown-runtime-BHe-jwch.js":"451139f61bd2fa817fc5b1d6a9e84fc10b65cb6132883b042ea488f3a769bd67","/assets/plus-Ctvs-Jfa.js":"16c8a6ca670a9b03d24bc707c013a9453422fa31f486d3a05071de0501a45d2e","/assets/plus-Ctvs-Jfa.js.map":"a41f6bfc0a041c10aef3417811b18a34c7267d7b1837b7d8aadf1f61363a2836","/assets/logocontexto-WUCLjVne.png":"05b47390d1aee1ce32172667833d0eb4a8df94cb94628f4420a6fa9149428682","/assets/index.esm-SjAIIvzo.js":"c12c519a0d46afca2b27a7d893fb6b52074a0ed9917d9a005fc3772ec6b94768","/assets/icono-drhichQ4.png":"1f06f7ea183533dc2a3abd220288d54890ebe05754474ea7fc382e8b14302ae0","/assets/favicon-COCKEaJN.png":"cdb19555624bf4ce5e590c6ca29b3ab495624ba4b5e2cf51578b316572a2aec8","/assets/dollar-sign-Dvdo6-K8.js.map":"f07e73acb5fffc4b3acc24d3115afe0076ec08947015ff3895db44e072303d7d","/assets/dollar-sign-Dvdo6-K8.js":"05437746f553e677f09dbd623cdecaf3e5a6bd7f8d069ba05c00bf8b2ed583f2","/assets/design-system-BtUHKkOu.js":"aee6b20ba0860246d39c108a4258b6b5f683f9137e1918974edfc75b37214206","/assets/clock-D8rWxVel.js.map":"9a402e8ea81e79fdeebad2d725fed57d20b4ae3ee1b7c948433188a735b83273","/assets/file-text-C8X02C5V.js.map":"b1465502ad1cef5c2f8f219e4c2b4274f16d36031fa84914dfbdee944da4b9a4","/assets/file-text-C8X02C5V.js":"280154052dfcecb2eb7d8f03d0ed67fca58a74192500c0f79d8e36f27d0f26bb","/assets/design-system-BtUHKkOu.js.map":"cfe900412758283d4fdfd49d964fcfc0e424f81424b1890ead7612aeb985b0f3","/assets/index-DmeIHmwk.css":"165f2fc3eb76f38f503c9b7feb173c9bd485eaeb974fd84cca4600e94c4c9d23","/assets/vendor-ws-DfttTbxc.js":"17412fbd1efe1b4ee53ec4ffea75020a66e277feb548430dd130e45dfdbdb265","/assets/vendor-crypto-Bnp0WR_B.js.map":"a267581041f7bb7edb72ec2ede26a3aa905887122a2f09dbc93730e6310f6b52","/assets/vendor-query-CMZxGMAq.js.map":"99871a755b6cebed9ee66a1572c4dd7d1c2f7ad7e92e4354af2401958f03bdb8","/fonts/PlusJakartaSans-Variable.woff2":"ed1c4f49c5ec0b4004247fd60557c96eddfffffaf393fee54c2a72140bea2c21","/assets/index.esm-SjAIIvzo.js.map":"06b9b76f8110442042f8527f54393a7d88d639f69ea5857aed8a753e7abea681","/assets/vendor-firebase-CLg0qRK9.js":"4cf3a801c98d49643246d3a9bb681b22c849f77fa309621616a6a3831f0e8dd6","/assets/building-2-BKsEQYLx.js.map":"cbd9e177507da6c05119a5fb4aa35e1f70f10a85da2768067ce11fa531de994f","/assets/calendar-GLtCW6nx.js.map":"7ee46e5a20c8d425c1d74fd0cbafccb2cfcec185e4707a022f36bf5c5089d2d9","/assets/calendar-GLtCW6nx.js":"fe533089c7e63cea96129e94600bf71d8bbc3c7fa1ac36ae86ba632571008b79","/assets/clock-D8rWxVel.js":"222eb6d91242a56b82b484684d005f2e12debfbd3e31a49b2b451d36b2cf52cc","/assets/building-2-BKsEQYLx.js":"eda3ce682b616bae725b547835d104743416f0d4cba61ebef0ee811f05d5f3c0","/assets/arrow-left-CLsEX7kz.js.map":"af8618700aa5a140fde7733aeb3718affce36e167342bd7c908c8611f65c5a41","/assets/arrow-left-CLsEX7kz.js":"b7774e6741cb09e421f1b93ed687ceb588c5e7085f8eabcf341c69a0094f6bd1","/assets/Skeleton-CoNrE0xM.js.map":"500da49a8b00631ca764886f97f618649a176ba52c625bfe062948ccb049a213","/assets/Skeleton-CoNrE0xM.js":"79c0c3a7c5e74734d4af6b66c0a9f7842eac80675b56edbd3f32e37d892ab628","/assets/ServiceRequest-urC-EG6z.js.map":"8f5b27af0899b1c57a7c67b4871f7b4530412abb036f1aa8318a7b056fdfb9e5","/assets/ServiceRequest-urC-EG6z.js":"a1566b4215fae34b19bc216fd971a59fbf9b41d14912a9bc93303dd93b433f1e","/assets/ServiceDetail-CevRSyWg.js":"9722598184d9f4f5bc021a7798a7af142e0ef5f7c46d475d987f0653617b0c9c","/assets/ProviderReviews-3v7sQ_iO.js":"36ca3bdea7a6ae627ce0e8108ccc3247dcdb0e3a16fc8cc9020ef99e063bd182","/assets/ProviderReviews-3v7sQ_iO.js.map":"d0848d3c67ad168c5f2530b9a15df5b35173762147dda5f5fe5fd58783bb1776","/assets/ProviderMudanzaDetail-BzcqN3Wy.js":"746a41da8dfe0d204642a891d5ba6b39e95023a64f9daedef8fdfad3d9e1b773","/assets/ServiceDetail-CevRSyWg.js.map":"0b39a0a62bd58d39a3cd829c141dc3df39ec013a5bc8a5e1fa479b816c91bf73","/assets/ProviderDashboard-BCvk1uUi.js":"30e03990c98421275d4a8c39c4ba6e3614d335b97d831e23f809d2d3d1d99be3","/assets/ProviderCompletedJob-CuX_t2sq.js.map":"e4b0cee3b88a2003b453240fda79063b03591783226183e5bfe3450b25507340","/assets/ProviderCompletedJob-CuX_t2sq.js":"3fca91738524743752c8fc079ac0a34aaa5c0f936301de25f71d7123cae9f039","/assets/ProviderMudanzaDetail-BzcqN3Wy.js.map":"f1c743aa24e4a535aa699cabb9a4de61ff874364976edf1acd5c3190b36cecb1","/assets/PaymentMethods-D1FWL3AM.js":"86e8c3bcbd392f6afa1ef642dc19a6b9e82b1a0e001e24dfa589a365d125e7b9","/assets/PaymentMethods-D1FWL3AM.js.map":"891c3a8df00603c343c071f3e79550c83a225ee961d5500af97e49c67b22b387","/assets/Notifications-CoQ_PBVz.js.map":"64074f375d00577aac4f4f70782a3d33d17a4ad2003fa944abcd6ff771bbb510","/assets/ProviderDashboard-BCvk1uUi.js.map":"bbdca1f49c499099647df63a96d26dcc782ccb58871d59a5b6259f96741d499b","/assets/Notifications-CoQ_PBVz.js":"89767e29b1ac926b3f2b692a82c8f92b881ad35faab68c24c35633d8d1cd7763","/workbox-dc35afab.js.map":"1bdeb150314447adc16e11bc4e794fa02da86d22c9699965c70c1f0ea2cdea32","/assets/MudanzaRequest-DjGAn94u.js":"f9806f47a7984f4fe522784b328ae45f5ee48ef34cd789464caeabcec7e1c592","/assets/MudanzaDetail-BT-Sq1W0.js":"636068ed955d482b99ac57cc889bfb3fc5ddcbf7a12dae3ea3646422339c65d2","/assets/MudanzaDetail-BT-Sq1W0.js.map":"82360c412340ab768945f6e474ff1852f8b75f564324ce0f6075b1e664f6c4ee","/assets/MudanzaRequest-DjGAn94u.js.map":"5a1cc48313d10ad68b6d056b8615ca093b906e6b5c4dcbe65967f6aeb22bc169","/assets/JobCompleted-BvaIUS1S.js.map":"6acc9722cf40086b31356a6e718b1ffd34594c7b7ad7cd3a7c102c5239b5cfbd","/assets/JobCompleted-BvaIUS1S.js":"a288b693569134fe71aa04cddbd867d29ae19f3fad1021fc3e31adebae4dce98","/assets/ErrorState-CRxma8Tj.js":"f3d350b4cceb3ef86aaa0a9c1dbb9af137438986ffd5a5737fbb26157676f8aa","/assets/JobTracking-wPDBjIAB.js":"df0d90c894b73762465e81c9358571e152c201eba9d9aed14213b1f3737cd002","/assets/ErrorState-CRxma8Tj.js.map":"daae22e9e8689acbd9592e3923c564a7b1171d533e38637a22ef3b70900d186b","/assets/JobTracking-wPDBjIAB.js.map":"c3ed74799664ce9663a28f127680099b3656b61b665a28ed2f3f177fad58adaf","/assets/vendor-react-C4xIydu3.js":"7beb7d020b8be2aef588340a6c766c3926f5f37e164696e80b938f3797c050ed","/assets/ClientSettings-DN5nlZx2.js.map":"3e752d17a6f660e26f0f81388c4f9b28310d24b1d6b6db002c8c70111791d0db","/assets/ClientSettings-DN5nlZx2.js":"7bb565560a16a8ba22fd18aa76b94b627a8dd6ef3a9b23e19cd059b95921c73b","/fonts/DMSans-Variable.woff2":"b705d6cded496ec3f34735c88827784d294fa8e9f9d2df63dcfa9bc84c79a385","/assets/index-BwVyummr.js":"b321330f9939db36d12f6f04d8c7712c7480d0efbca4206981e9280aa576b0e3","/assets/ClientProposal-DgH4CmAu.js":"c84c2dffd729b4979134e1342d3c6d2961970544abc8ba1914915f1661d20cc1","/assets/ClientProposal-DgH4CmAu.js.map":"0246b95cace40382d8ab1c73bcbaebfe079aeb692525cc0c1c70090dcc9a522d","/assets/ClientProfile-BeITEyjN.js.map":"f73af17e981c0557ecc8d8ed1ab27fd416bee9f397771380f2ef5c7024d3969a","/assets/ClientProfile-BeITEyjN.js":"32d2b9beee52d33ad8777334f588547e77949b1270ad85cc67f1fa8ce86ccaf0","/assets/Card-BjBQQBxv.js.map":"2db91d943f89118cce469142059f3f3976999d0e3b4106d31dd3e581707959a6","/assets/Card-BjBQQBxv.js":"cb8589a315a3c17fa07200eb76d03f2337027c3fb55ee3da82e2c80dfcb9eef3","/assets/ClientDashboard-COJ4uzAI.js":"01ec8056603edb8a82927e3795470217a167d6bdd59baa4eea17977bf57d2f86","/assets/Button-CVh6GHEP.js.map":"bf79b26ad6a119a44a9969bb98050382990c37a2d65aee803302752f2977bbc0","/assets/Button-CVh6GHEP.js":"c0a3e8ba6d6ec2bcd2475ef5919801b003e0bcb6242cf8df0a9e7c61eafde066","/assets/Badge-JafmOy6u.js":"824472f608fea581bd68cc21a991b0d78f1c4d66291af20286c4f13383c147d1","/assets/Badge-JafmOy6u.js.map":"6bc6a209183a45492ab3866164252165126b206e5d2a8d7a0fdd65e9d0d9d256","/assets/AliadosDashboard-zkMX6yxo.js":"08358c3060e81841f32349334ea77a113a6bfd31e4138e48b4808cfdc438d123","/assets/ActiveJob-DDK0YGDo.js.map":"f134d30a154a4ada59cb87d8ba825777d97d49e4fbbcf7807c09956b586bc36d","/assets/ActiveJob-DDK0YGDo.js":"73144c267f65b2ebe81adbe087fe44a82f514b171f684237e04f1528b11fa5de","/assets/ClientDashboard-COJ4uzAI.js.map":"f4172a64187b0bc685db3597d40eef7fb5796e88fbff5e2f8452bd5bcd4bcc43","/assets/AliadosDashboard-zkMX6yxo.js.map":"98be7d9ed8fd4d0d58acdda7a55ef6d6fd076e645c37465e63f915fe8f87b492","/assets/vendor-ws-DfttTbxc.js.map":"648b86da7e3cd2baca552f9f9239f1dacd2396d0c8a9389d00b937f24cf4abad","/assets/vendor-firebase-CLg0qRK9.js.map":"7c293fee39f1ab37280cb21b8ac1dcf3ffde63cda44ef8cebab71190c77e2770","/assets/index-BwVyummr.js.map":"bc03df0820ca365beee7bd480632d4bc2e39df760dbef21b8daf39634b8f4645","/assets/vendor-react-C4xIydu3.js.map":"ed0bbdf6ed8f9ce28d7c21f0e9c2844d6012bd12a8cef361062ff8f335bf4ec9"}}
[debug] [2026-06-18T19:51:39.644Z] <<< [apiv2][status] POST https://firebasehosting.googleapis.com/v1beta1/projects/578160153411/sites/aliados-app-22/versions/a993ced759d53ec7:populateFiles 200
[debug] [2026-06-18T19:51:39.644Z] <<< [apiv2][body] POST https://firebasehosting.googleapis.com/v1beta1/projects/578160153411/sites/aliados-app-22/versions/a993ced759d53ec7:populateFiles {"uploadRequiredHashes":["06b9b76f8110442042f8527f54393a7d88d639f69ea5857aed8a753e7abea681","a1566b4215fae34b19bc216fd971a59fbf9b41d14912a9bc93303dd93b433f1e","7bb565560a16a8ba22fd18aa76b94b627a8dd6ef3a9b23e19cd059b95921c73b","01ec8056603edb8a82927e3795470217a167d6bdd59baa4eea17977bf57d2f86","17412fbd1efe1b4ee53ec4ffea75020a66e277feb548430dd130e45dfdbdb265","64074f375d00577aac4f4f70782a3d33d17a4ad2003fa944abcd6ff771bbb510","89767e29b1ac926b3f2b692a82c8f92b881ad35faab68c24c35633d8d1cd7763","bbdca1f49c499099647df63a96d26dcc782ccb58871d59a5b6259f96741d499b","824472f608fea581bd68cc21a991b0d78f1c4d66291af20286c4f13383c147d1","192bc8426af7d29ddc8c9de6c3474f9a7afa2c19cfefd659a7d14d641b6dc99d","8f5b27af0899b1c57a7c67b4871f7b4530412abb036f1aa8318a7b056fdfb9e5","500da49a8b00631ca764886f97f618649a176ba52c625bfe062948ccb049a213","7beb7d020b8be2aef588340a6c766c3926f5f37e164696e80b938f3797c050ed","16c8a6ca670a9b03d24bc707c013a9453422fa31f486d3a05071de0501a45d2e","b321330f9939db36d12f6f04d8c7712c7480d0efbca4206981e9280aa576b0e3","f4172a64187b0bc685db3597d40eef7fb5796e88fbff5e2f8452bd5bcd4bcc43","a6d5ad9125522599d9ddba500c45c51599e6e5e544d34df0a3d62bcdbffcf8d4","a288b693569134fe71aa04cddbd867d29ae19f3fad1021fc3e31adebae4dce98","f2d1b644d447ea99998da2e7ac4dc8b5e84b5b28308bee07ef443fddd4a5067f","b0b30dce215b1b3e6cabecd767d1a061759cf8db31e011f5cd693f9ca72baf49","3c92644f0766b05f1f0d7c7fde8ce80dd8bd06baf339c1bdf4dd6183b0efa304","bf79b26ad6a119a44a9969bb98050382990c37a2d65aee803302752f2977bbc0","745fba145d64d28a8c3362c7431046e598e4fca54e9daa7375354444b02dd8e2","c0a3e8ba6d6ec2bcd2475ef5919801b003e0bcb6242cf8df0a9e7c61eafde066","9a402e8ea81e79fdeebad2d725fed57d20b4ae3ee1b7c948433188a735b83273","82360c412340ab768945f6e474ff1852f8b75f564324ce0f6075b1e664f6c4ee","a41f6bfc0a041c10aef3417811b18a34c7267d7b1837b7d8aadf1f61363a2836","fe533089c7e63cea96129e94600bf71d8bbc3c7fa1ac36ae86ba632571008b79","03909c27040836bda916aa1479363c00c43ea202ad9041ba9eb456a2ee53fef4","cfe900412758283d4fdfd49d964fcfc0e424f81424b1890ead7612aeb985b0f3","05437746f553e677f09dbd623cdecaf3e5a6bd7f8d069ba05c00bf8b2ed583f2","cb8589a315a3c17fa07200eb76d03f2337027c3fb55ee3da82e2c80dfcb9eef3","891c3a8df00603c343c071f3e79550c83a225ee961d5500af97e49c67b22b387","0246b95cace40382d8ab1c73bcbaebfe079aeb692525cc0c1c70090dcc9a522d","eda3ce682b616bae725b547835d104743416f0d4cba61ebef0ee811f05d5f3c0","99871a755b6cebed9ee66a1572c4dd7d1c2f7ad7e92e4354af2401958f03bdb8","280154052dfcecb2eb7d8f03d0ed67fca58a74192500c0f79d8e36f27d0f26bb","7c293fee39f1ab37280cb21b8ac1dcf3ffde63cda44ef8cebab71190c77e2770","b7774e6741cb09e421f1b93ed687ceb588c5e7085f8eabcf341c69a0094f6bd1","c12c519a0d46afca2b27a7d893fb6b52074a0ed9917d9a005fc3772ec6b94768","12b9e1df4462be5588915df073b1730ce9624dee79eebaed1687e20d5f73f432","daae22e9e8689acbd9592e3923c564a7b1171d533e38637a22ef3b70900d186b","6bc6a209183a45492ab3866164252165126b206e5d2a8d7a0fdd65e9d0d9d256","3fca91738524743752c8fc079ac0a34aaa5c0f936301de25f71d7123cae9f039","222eb6d91242a56b82b484684d005f2e12debfbd3e31a49b2b451d36b2cf52cc","c84c2dffd729b4979134e1342d3c6d2961970544abc8ba1914915f1661d20cc1","c3ed74799664ce9663a28f127680099b3656b61b665a28ed2f3f177fad58adaf","86e8c3bcbd392f6afa1ef642dc19a6b9e82b1a0e001e24dfa589a365d125e7b9","5a1cc48313d10ad68b6d056b8615ca093b906e6b5c4dcbe65967f6aeb22bc169","73144c267f65b2ebe81adbe087fe44a82f514b171f684237e04f1528b11fa5de","f1c743aa24e4a535aa699cabb9a4de61ff874364976edf1acd5c3190b36cecb1","df0d90c894b73762465e81c9358571e152c201eba9d9aed14213b1f3737cd002","e4b0cee3b88a2003b453240fda79063b03591783226183e5bfe3450b25507340","636068ed955d482b99ac57cc889bfb3fc5ddcbf7a12dae3ea3646422339c65d2","2db91d943f89118cce469142059f3f3976999d0e3b4106d31dd3e581707959a6","98be7d9ed8fd4d0d58acdda7a55ef6d6fd076e645c37465e63f915fe8f87b492","c0ebceefb8b13304c43262fa1476510e99ff63a14049a824d06daf882792397c","4cf3a801c98d49643246d3a9bb681b22c849f77fa309621616a6a3831f0e8dd6","f07e73acb5fffc4b3acc24d3115afe0076ec08947015ff3895db44e072303d7d","6acc9722cf40086b31356a6e718b1ffd34594c7b7ad7cd3a7c102c5239b5cfbd","9722598184d9f4f5bc021a7798a7af142e0ef5f7c46d475d987f0653617b0c9c","746a41da8dfe0d204642a891d5ba6b39e95023a64f9daedef8fdfad3d9e1b773","4ad15735eb8437254bbba91e2013a0d3d06dc0b980fc53e435cc319b512ca52a","3e752d17a6f660e26f0f81388c4f9b28310d24b1d6b6db002c8c70111791d0db","32d2b9beee52d33ad8777334f588547e77949b1270ad85cc67f1fa8ce86ccaf0","f134d30a154a4ada59cb87d8ba825777d97d49e4fbbcf7807c09956b586bc36d","820c51c4e79bbd36166c4e4a0b7d763a21bba2bb3e08a60846acc103ddc94c1a","f73af17e981c0557ecc8d8ed1ab27fd416bee9f397771380f2ef5c7024d3969a","cbd9e177507da6c05119a5fb4aa35e1f70f10a85da2768067ce11fa531de994f","dc54d80f937b0a722738d95fa22c690adc06419378d8db22638b222662c31e6e","f3d350b4cceb3ef86aaa0a9c1dbb9af137438986ffd5a5737fbb26157676f8aa","b1465502ad1cef5c2f8f219e4c2b4274f16d36031fa84914dfbdee944da4b9a4","ed0bbdf6ed8f9ce28d7c21f0e9c2844d6012bd12a8cef361062ff8f335bf4ec9","648b86da7e3cd2baca552f9f9239f1dacd2396d0c8a9389d00b937f24cf4abad","7ee46e5a20c8d425c1d74fd0cbafccb2cfcec185e4707a022f36bf5c5089d2d9","30e03990c98421275d4a8c39c4ba6e3614d335b97d831e23f809d2d3d1d99be3","bc03df0820ca365beee7bd480632d4bc2e39df760dbef21b8daf39634b8f4645","36ca3bdea7a6ae627ce0e8108ccc3247dcdb0e3a16fc8cc9020ef99e063bd182","08358c3060e81841f32349334ea77a113a6bfd31e4138e48b4808cfdc438d123","79c0c3a7c5e74734d4af6b66c0a9f7842eac80675b56edbd3f32e37d892ab628","62e6fed8409c283b886b93de917a503286246e048dd06408810cb08f30792417","f9806f47a7984f4fe522784b328ae45f5ee48ef34cd789464caeabcec7e1c592","d0848d3c67ad168c5f2530b9a15df5b35173762147dda5f5fe5fd58783bb1776","af8618700aa5a140fde7733aeb3718affce36e167342bd7c908c8611f65c5a41","0043e5ab0cac89378b28b073f60f22595300263e16fc7cfc79b5fa9bdc31f417","0b39a0a62bd58d39a3cd829c141dc3df39ec013a5bc8a5e1fa479b816c91bf73","aee6b20ba0860246d39c108a4258b6b5f683f9137e1918974edfc75b37214206"],"uploadUrl":"https://upload-firebasehosting.googleapis.com/upload/sites/aliados-app-22/versions/a993ced759d53ec7/files"}
[debug] [2026-06-18T19:51:39.645Z] Checked if tokens are valid: true, expires at: 1781815893501
[debug] [2026-06-18T19:51:39.645Z] Checked if tokens are valid: true, expires at: 1781815893501
[debug] [2026-06-18T19:51:39.645Z] Checked if tokens are valid: true, expires at: 1781815893501
[debug] [2026-06-18T19:51:39.645Z] Checked if tokens are valid: true, expires at: 1781815893501
[debug] [2026-06-18T19:51:39.645Z] Checked if tokens are valid: true, expires at: 1781815893501
[debug] [2026-06-18T19:51:39.646Z] Checked if tokens are valid: true, expires at: 1781815893501
[debug] [2026-06-18T19:51:39.646Z] Checked if tokens are valid: true, expires at: 1781815893501
[debug] [2026-06-18T19:51:39.646Z] Checked if tokens are valid: true, expires at: 1781815893501
[debug] [2026-06-18T19:51:39.646Z] Checked if tokens are valid: true, expires at: 1781815893501
[debug] [2026-06-18T19:51:39.646Z] Checked if tokens are valid: true, expires at: 1781815893501
[debug] [2026-06-18T19:51:39.646Z] Checked if tokens are valid: true, expires at: 1781815893501
[debug] [2026-06-18T19:51:39.646Z] Checked if tokens are valid: true, expires at: 1781815893501
[debug] [2026-06-18T19:51:39.646Z] Checked if tokens are valid: true, expires at: 1781815893501
[debug] [2026-06-18T19:51:39.646Z] Checked if tokens are valid: true, expires at: 1781815893501
[debug] [2026-06-18T19:51:39.646Z] Checked if tokens are valid: true, expires at: 1781815893501
[debug] [2026-06-18T19:51:39.646Z] Checked if tokens are valid: true, expires at: 1781815893501
[debug] [2026-06-18T19:51:39.647Z] Checked if tokens are valid: true, expires at: 1781815893501
[debug] [2026-06-18T19:51:39.647Z] Checked if tokens are valid: true, expires at: 1781815893501
[debug] [2026-06-18T19:51:39.647Z] Checked if tokens are valid: true, expires at: 1781815893501
[debug] [2026-06-18T19:51:39.647Z] Checked if tokens are valid: true, expires at: 1781815893501
[debug] [2026-06-18T19:51:39.647Z] Checked if tokens are valid: true, expires at: 1781815893501
[debug] [2026-06-18T19:51:39.647Z] Checked if tokens are valid: true, expires at: 1781815893501
[debug] [2026-06-18T19:51:39.647Z] Checked if tokens are valid: true, expires at: 1781815893501
[debug] [2026-06-18T19:51:39.647Z] Checked if tokens are valid: true, expires at: 1781815893501
[debug] [2026-06-18T19:51:39.647Z] Checked if tokens are valid: true, expires at: 1781815893501
[debug] [2026-06-18T19:51:39.647Z] Checked if tokens are valid: true, expires at: 1781815893501
[debug] [2026-06-18T19:51:39.647Z] Checked if tokens are valid: true, expires at: 1781815893501
[debug] [2026-06-18T19:51:39.647Z] Checked if tokens are valid: true, expires at: 1781815893501
[debug] [2026-06-18T19:51:39.648Z] Checked if tokens are valid: true, expires at: 1781815893501
[debug] [2026-06-18T19:51:39.648Z] Checked if tokens are valid: true, expires at: 1781815893501
[debug] [2026-06-18T19:51:39.648Z] Checked if tokens are valid: true, expires at: 1781815893501
[debug] [2026-06-18T19:51:39.648Z] Checked if tokens are valid: true, expires at: 1781815893501
[debug] [2026-06-18T19:51:39.648Z] Checked if tokens are valid: true, expires at: 1781815893501
[debug] [2026-06-18T19:51:39.648Z] Checked if tokens are valid: true, expires at: 1781815893501
[debug] [2026-06-18T19:51:39.648Z] Checked if tokens are valid: true, expires at: 1781815893501
[debug] [2026-06-18T19:51:39.648Z] Checked if tokens are valid: true, expires at: 1781815893501
[debug] [2026-06-18T19:51:39.648Z] Checked if tokens are valid: true, expires at: 1781815893501
[debug] [2026-06-18T19:51:39.648Z] Checked if tokens are valid: true, expires at: 1781815893501
[debug] [2026-06-18T19:51:39.649Z] Checked if tokens are valid: true, expires at: 1781815893501
[debug] [2026-06-18T19:51:39.649Z] Checked if tokens are valid: true, expires at: 1781815893501
[debug] [2026-06-18T19:51:39.649Z] Checked if tokens are valid: true, expires at: 1781815893501
[debug] [2026-06-18T19:51:39.649Z] Checked if tokens are valid: true, expires at: 1781815893501
[debug] [2026-06-18T19:51:39.649Z] Checked if tokens are valid: true, expires at: 1781815893501
[debug] [2026-06-18T19:51:39.650Z] Checked if tokens are valid: true, expires at: 1781815893501
[debug] [2026-06-18T19:51:39.650Z] Checked if tokens are valid: true, expires at: 1781815893501
[debug] [2026-06-18T19:51:39.650Z] Checked if tokens are valid: true, expires at: 1781815893501
[debug] [2026-06-18T19:51:39.650Z] Checked if tokens are valid: true, expires at: 1781815893501
[debug] [2026-06-18T19:51:39.650Z] Checked if tokens are valid: true, expires at: 1781815893501
[debug] [2026-06-18T19:51:39.651Z] Checked if tokens are valid: true, expires at: 1781815893501
[debug] [2026-06-18T19:51:39.651Z] Checked if tokens are valid: true, expires at: 1781815893501
[debug] [2026-06-18T19:51:39.651Z] Checked if tokens are valid: true, expires at: 1781815893501
[debug] [2026-06-18T19:51:39.651Z] Checked if tokens are valid: true, expires at: 1781815893501
[debug] [2026-06-18T19:51:39.651Z] Checked if tokens are valid: true, expires at: 1781815893501
[debug] [2026-06-18T19:51:39.651Z] Checked if tokens are valid: true, expires at: 1781815893501
[debug] [2026-06-18T19:51:39.652Z] Checked if tokens are valid: true, expires at: 1781815893501
[debug] [2026-06-18T19:51:39.652Z] Checked if tokens are valid: true, expires at: 1781815893501
[debug] [2026-06-18T19:51:39.652Z] Checked if tokens are valid: true, expires at: 1781815893501
[debug] [2026-06-18T19:51:39.652Z] Checked if tokens are valid: true, expires at: 1781815893501
[debug] [2026-06-18T19:51:39.652Z] Checked if tokens are valid: true, expires at: 1781815893501
[debug] [2026-06-18T19:51:39.652Z] Checked if tokens are valid: true, expires at: 1781815893501
[debug] [2026-06-18T19:51:39.652Z] Checked if tokens are valid: true, expires at: 1781815893501
[debug] [2026-06-18T19:51:39.652Z] Checked if tokens are valid: true, expires at: 1781815893501
[debug] [2026-06-18T19:51:39.652Z] Checked if tokens are valid: true, expires at: 1781815893501
[debug] [2026-06-18T19:51:39.653Z] Checked if tokens are valid: true, expires at: 1781815893501
[debug] [2026-06-18T19:51:39.653Z] Checked if tokens are valid: true, expires at: 1781815893501
[debug] [2026-06-18T19:51:39.653Z] Checked if tokens are valid: true, expires at: 1781815893501
[debug] [2026-06-18T19:51:39.653Z] Checked if tokens are valid: true, expires at: 1781815893501
[debug] [2026-06-18T19:51:39.653Z] Checked if tokens are valid: true, expires at: 1781815893501
[debug] [2026-06-18T19:51:39.653Z] Checked if tokens are valid: true, expires at: 1781815893501
[debug] [2026-06-18T19:51:39.653Z] Checked if tokens are valid: true, expires at: 1781815893501
[debug] [2026-06-18T19:51:39.653Z] Checked if tokens are valid: true, expires at: 1781815893501
[debug] [2026-06-18T19:51:39.653Z] Checked if tokens are valid: true, expires at: 1781815893501
[debug] [2026-06-18T19:51:39.653Z] Checked if tokens are valid: true, expires at: 1781815893501
[debug] [2026-06-18T19:51:39.653Z] Checked if tokens are valid: true, expires at: 1781815893501
[debug] [2026-06-18T19:51:39.654Z] Checked if tokens are valid: true, expires at: 1781815893501
[debug] [2026-06-18T19:51:39.654Z] Checked if tokens are valid: true, expires at: 1781815893501
[debug] [2026-06-18T19:51:39.654Z] Checked if tokens are valid: true, expires at: 1781815893501
[debug] [2026-06-18T19:51:39.654Z] Checked if tokens are valid: true, expires at: 1781815893501
[debug] [2026-06-18T19:51:39.654Z] Checked if tokens are valid: true, expires at: 1781815893501
[debug] [2026-06-18T19:51:39.654Z] Checked if tokens are valid: true, expires at: 1781815893501
[debug] [2026-06-18T19:51:39.654Z] Checked if tokens are valid: true, expires at: 1781815893501
[debug] [2026-06-18T19:51:39.654Z] Checked if tokens are valid: true, expires at: 1781815893501
[debug] [2026-06-18T19:51:39.654Z] Checked if tokens are valid: true, expires at: 1781815893501
[debug] [2026-06-18T19:51:39.654Z] Checked if tokens are valid: true, expires at: 1781815893501
[debug] [2026-06-18T19:51:39.654Z] Checked if tokens are valid: true, expires at: 1781815893501
[debug] [2026-06-18T19:51:39.655Z] Checked if tokens are valid: true, expires at: 1781815893501
[debug] [2026-06-18T19:51:39.655Z] Checked if tokens are valid: true, expires at: 1781815893501
[debug] [2026-06-18T19:51:39.655Z] Checked if tokens are valid: true, expires at: 1781815893501
[debug] [2026-06-18T19:51:39.655Z] Checked if tokens are valid: true, expires at: 1781815893501
[debug] [2026-06-18T19:51:39.655Z] Checked if tokens are valid: true, expires at: 1781815893501
[debug] [2026-06-18T19:51:39.655Z] Checked if tokens are valid: true, expires at: 1781815893501
[debug] [2026-06-18T19:51:39.656Z] Checked if tokens are valid: true, expires at: 1781815893501
[debug] [2026-06-18T19:51:39.656Z] Checked if tokens are valid: true, expires at: 1781815893501
[debug] [2026-06-18T19:51:39.656Z] Checked if tokens are valid: true, expires at: 1781815893501
[debug] [2026-06-18T19:51:39.656Z] Checked if tokens are valid: true, expires at: 1781815893501
[debug] [2026-06-18T19:51:39.657Z] Checked if tokens are valid: true, expires at: 1781815893501
[debug] [2026-06-18T19:51:39.657Z] Checked if tokens are valid: true, expires at: 1781815893501
[debug] [2026-06-18T19:51:39.657Z] Checked if tokens are valid: true, expires at: 1781815893501
[debug] [2026-06-18T19:51:39.658Z] Checked if tokens are valid: true, expires at: 1781815893501
[debug] [2026-06-18T19:51:39.658Z] Checked if tokens are valid: true, expires at: 1781815893501
[debug] [2026-06-18T19:51:39.658Z] Checked if tokens are valid: true, expires at: 1781815893501
[debug] [2026-06-18T19:51:39.658Z] Checked if tokens are valid: true, expires at: 1781815893501
[debug] [2026-06-18T19:51:39.658Z] Checked if tokens are valid: true, expires at: 1781815893501
[debug] [2026-06-18T19:51:39.658Z] Checked if tokens are valid: true, expires at: 1781815893501
[debug] [2026-06-18T19:51:39.658Z] Checked if tokens are valid: true, expires at: 1781815893501
[debug] [2026-06-18T19:51:39.659Z] Checked if tokens are valid: true, expires at: 1781815893501
[debug] [2026-06-18T19:51:39.659Z] Checked if tokens are valid: true, expires at: 1781815893501
[debug] [2026-06-18T19:51:39.659Z] Checked if tokens are valid: true, expires at: 1781815893501
[debug] [2026-06-18T19:51:39.659Z] Checked if tokens are valid: true, expires at: 1781815893501
[debug] [2026-06-18T19:51:39.659Z] Checked if tokens are valid: true, expires at: 1781815893501
[debug] [2026-06-18T19:51:39.659Z] Checked if tokens are valid: true, expires at: 1781815893501
[debug] [2026-06-18T19:51:39.659Z] Checked if tokens are valid: true, expires at: 1781815893501
[debug] [2026-06-18T19:51:39.659Z] Checked if tokens are valid: true, expires at: 1781815893501
[debug] [2026-06-18T19:51:39.659Z] Checked if tokens are valid: true, expires at: 1781815893501
[debug] [2026-06-18T19:51:39.659Z] Checked if tokens are valid: true, expires at: 1781815893501
[debug] [2026-06-18T19:51:39.659Z] Checked if tokens are valid: true, expires at: 1781815893501
[debug] [2026-06-18T19:51:39.660Z] Checked if tokens are valid: true, expires at: 1781815893501
[debug] [2026-06-18T19:51:39.660Z] Checked if tokens are valid: true, expires at: 1781815893501
[debug] [2026-06-18T19:51:39.660Z] Checked if tokens are valid: true, expires at: 1781815893501
[debug] [2026-06-18T19:51:39.660Z] Checked if tokens are valid: true, expires at: 1781815893501
[debug] [2026-06-18T19:51:39.660Z] Checked if tokens are valid: true, expires at: 1781815893501
[debug] [2026-06-18T19:51:39.660Z] Checked if tokens are valid: true, expires at: 1781815893501
[debug] [2026-06-18T19:51:39.660Z] Checked if tokens are valid: true, expires at: 1781815893501
[debug] [2026-06-18T19:51:39.660Z] Checked if tokens are valid: true, expires at: 1781815893501
[debug] [2026-06-18T19:51:39.660Z] Checked if tokens are valid: true, expires at: 1781815893501
[debug] [2026-06-18T19:51:39.660Z] Checked if tokens are valid: true, expires at: 1781815893501
[debug] [2026-06-18T19:51:39.661Z] Checked if tokens are valid: true, expires at: 1781815893501
[debug] [2026-06-18T19:51:39.661Z] Checked if tokens are valid: true, expires at: 1781815893501
[debug] [2026-06-18T19:51:39.661Z] Checked if tokens are valid: true, expires at: 1781815893501
[debug] [2026-06-18T19:51:39.661Z] Checked if tokens are valid: true, expires at: 1781815893501
[debug] [2026-06-18T19:51:39.661Z] Checked if tokens are valid: true, expires at: 1781815893501
[debug] [2026-06-18T19:51:39.661Z] Checked if tokens are valid: true, expires at: 1781815893501
[debug] [2026-06-18T19:51:39.661Z] Checked if tokens are valid: true, expires at: 1781815893501
[debug] [2026-06-18T19:51:39.661Z] Checked if tokens are valid: true, expires at: 1781815893501
[debug] [2026-06-18T19:51:39.661Z] Checked if tokens are valid: true, expires at: 1781815893501
[debug] [2026-06-18T19:51:39.661Z] Checked if tokens are valid: true, expires at: 1781815893501
[debug] [2026-06-18T19:51:39.662Z] Checked if tokens are valid: true, expires at: 1781815893501
[debug] [2026-06-18T19:51:39.662Z] Checked if tokens are valid: true, expires at: 1781815893501
[debug] [2026-06-18T19:51:39.662Z] Checked if tokens are valid: true, expires at: 1781815893501
[debug] [2026-06-18T19:51:39.662Z] Checked if tokens are valid: true, expires at: 1781815893501
[debug] [2026-06-18T19:51:39.662Z] Checked if tokens are valid: true, expires at: 1781815893501
[debug] [2026-06-18T19:51:39.662Z] Checked if tokens are valid: true, expires at: 1781815893501
[debug] [2026-06-18T19:51:39.662Z] Checked if tokens are valid: true, expires at: 1781815893501
[debug] [2026-06-18T19:51:39.662Z] Checked if tokens are valid: true, expires at: 1781815893501
[debug] [2026-06-18T19:51:39.662Z] Checked if tokens are valid: true, expires at: 1781815893501
[debug] [2026-06-18T19:51:39.663Z] Checked if tokens are valid: true, expires at: 1781815893501
[debug] [2026-06-18T19:51:39.663Z] Checked if tokens are valid: true, expires at: 1781815893501
[debug] [2026-06-18T19:51:39.663Z] Checked if tokens are valid: true, expires at: 1781815893501
[debug] [2026-06-18T19:51:39.663Z] Checked if tokens are valid: true, expires at: 1781815893501
[debug] [2026-06-18T19:51:39.663Z] Checked if tokens are valid: true, expires at: 1781815893501
[debug] [2026-06-18T19:51:39.663Z] Checked if tokens are valid: true, expires at: 1781815893501
[debug] [2026-06-18T19:51:39.663Z] Checked if tokens are valid: true, expires at: 1781815893501
[debug] [2026-06-18T19:51:39.663Z] Checked if tokens are valid: true, expires at: 1781815893501
[debug] [2026-06-18T19:51:39.663Z] Checked if tokens are valid: true, expires at: 1781815893501
[debug] [2026-06-18T19:51:39.663Z] Checked if tokens are valid: true, expires at: 1781815893501
[debug] [2026-06-18T19:51:39.663Z] Checked if tokens are valid: true, expires at: 1781815893501
[debug] [2026-06-18T19:51:39.663Z] Checked if tokens are valid: true, expires at: 1781815893501
[debug] [2026-06-18T19:51:39.664Z] Checked if tokens are valid: true, expires at: 1781815893501
[debug] [2026-06-18T19:51:39.664Z] Checked if tokens are valid: true, expires at: 1781815893501
[debug] [2026-06-18T19:51:39.664Z] Checked if tokens are valid: true, expires at: 1781815893501
[debug] [2026-06-18T19:51:39.664Z] Checked if tokens are valid: true, expires at: 1781815893501
[debug] [2026-06-18T19:51:39.664Z] Checked if tokens are valid: true, expires at: 1781815893501
[debug] [2026-06-18T19:51:39.664Z] Checked if tokens are valid: true, expires at: 1781815893501
[debug] [2026-06-18T19:51:39.664Z] Checked if tokens are valid: true, expires at: 1781815893501
[debug] [2026-06-18T19:51:39.664Z] Checked if tokens are valid: true, expires at: 1781815893501
[debug] [2026-06-18T19:51:39.664Z] Checked if tokens are valid: true, expires at: 1781815893501
[debug] [2026-06-18T19:51:39.664Z] Checked if tokens are valid: true, expires at: 1781815893501
[debug] [2026-06-18T19:51:39.664Z] Checked if tokens are valid: true, expires at: 1781815893501
[debug] [2026-06-18T19:51:39.664Z] Checked if tokens are valid: true, expires at: 1781815893501
[debug] [2026-06-18T19:51:39.664Z] Checked if tokens are valid: true, expires at: 1781815893501
[debug] [2026-06-18T19:51:39.665Z] Checked if tokens are valid: true, expires at: 1781815893501
[debug] [2026-06-18T19:51:39.665Z] Checked if tokens are valid: true, expires at: 1781815893501
[debug] [2026-06-18T19:51:39.665Z] Checked if tokens are valid: true, expires at: 1781815893501
[debug] [2026-06-18T19:51:39.665Z] Checked if tokens are valid: true, expires at: 1781815893501
[debug] [2026-06-18T19:51:39.665Z] >>> [apiv2][query] POST https://upload-firebasehosting.googleapis.com/upload/sites/aliados-app-22/versions/a993ced759d53ec7/files/06b9b76f8110442042f8527f54393a7d88d639f69ea5857aed8a753e7abea681 [none]
[debug] [2026-06-18T19:51:39.665Z] >>> [apiv2][body] POST https://upload-firebasehosting.googleapis.com/upload/sites/aliados-app-22/versions/a993ced759d53ec7/files/06b9b76f8110442042f8527f54393a7d88d639f69ea5857aed8a753e7abea681 [stream]
[debug] [2026-06-18T19:51:39.667Z] >>> [apiv2][query] POST https://upload-firebasehosting.googleapis.com/upload/sites/aliados-app-22/versions/a993ced759d53ec7/files/a1566b4215fae34b19bc216fd971a59fbf9b41d14912a9bc93303dd93b433f1e [none]
[debug] [2026-06-18T19:51:39.668Z] >>> [apiv2][body] POST https://upload-firebasehosting.googleapis.com/upload/sites/aliados-app-22/versions/a993ced759d53ec7/files/a1566b4215fae34b19bc216fd971a59fbf9b41d14912a9bc93303dd93b433f1e [stream]
[debug] [2026-06-18T19:51:39.669Z] >>> [apiv2][query] POST https://upload-firebasehosting.googleapis.com/upload/sites/aliados-app-22/versions/a993ced759d53ec7/files/7bb565560a16a8ba22fd18aa76b94b627a8dd6ef3a9b23e19cd059b95921c73b [none]
[debug] [2026-06-18T19:51:39.669Z] >>> [apiv2][body] POST https://upload-firebasehosting.googleapis.com/upload/sites/aliados-app-22/versions/a993ced759d53ec7/files/7bb565560a16a8ba22fd18aa76b94b627a8dd6ef3a9b23e19cd059b95921c73b [stream]
[debug] [2026-06-18T19:51:39.671Z] >>> [apiv2][query] POST https://upload-firebasehosting.googleapis.com/upload/sites/aliados-app-22/versions/a993ced759d53ec7/files/01ec8056603edb8a82927e3795470217a167d6bdd59baa4eea17977bf57d2f86 [none]
[debug] [2026-06-18T19:51:39.671Z] >>> [apiv2][body] POST https://upload-firebasehosting.googleapis.com/upload/sites/aliados-app-22/versions/a993ced759d53ec7/files/01ec8056603edb8a82927e3795470217a167d6bdd59baa4eea17977bf57d2f86 [stream]
[debug] [2026-06-18T19:51:39.672Z] >>> [apiv2][query] POST https://upload-firebasehosting.googleapis.com/upload/sites/aliados-app-22/versions/a993ced759d53ec7/files/17412fbd1efe1b4ee53ec4ffea75020a66e277feb548430dd130e45dfdbdb265 [none]
[debug] [2026-06-18T19:51:39.672Z] >>> [apiv2][body] POST https://upload-firebasehosting.googleapis.com/upload/sites/aliados-app-22/versions/a993ced759d53ec7/files/17412fbd1efe1b4ee53ec4ffea75020a66e277feb548430dd130e45dfdbdb265 [stream]
[debug] [2026-06-18T19:51:39.674Z] >>> [apiv2][query] POST https://upload-firebasehosting.googleapis.com/upload/sites/aliados-app-22/versions/a993ced759d53ec7/files/64074f375d00577aac4f4f70782a3d33d17a4ad2003fa944abcd6ff771bbb510 [none]
[debug] [2026-06-18T19:51:39.674Z] >>> [apiv2][body] POST https://upload-firebasehosting.googleapis.com/upload/sites/aliados-app-22/versions/a993ced759d53ec7/files/64074f375d00577aac4f4f70782a3d33d17a4ad2003fa944abcd6ff771bbb510 [stream]
[debug] [2026-06-18T19:51:39.675Z] >>> [apiv2][query] POST https://upload-firebasehosting.googleapis.com/upload/sites/aliados-app-22/versions/a993ced759d53ec7/files/89767e29b1ac926b3f2b692a82c8f92b881ad35faab68c24c35633d8d1cd7763 [none]
[debug] [2026-06-18T19:51:39.675Z] >>> [apiv2][body] POST https://upload-firebasehosting.googleapis.com/upload/sites/aliados-app-22/versions/a993ced759d53ec7/files/89767e29b1ac926b3f2b692a82c8f92b881ad35faab68c24c35633d8d1cd7763 [stream]
[debug] [2026-06-18T19:51:39.675Z] >>> [apiv2][query] POST https://upload-firebasehosting.googleapis.com/upload/sites/aliados-app-22/versions/a993ced759d53ec7/files/bbdca1f49c499099647df63a96d26dcc782ccb58871d59a5b6259f96741d499b [none]
[debug] [2026-06-18T19:51:39.675Z] >>> [apiv2][body] POST https://upload-firebasehosting.googleapis.com/upload/sites/aliados-app-22/versions/a993ced759d53ec7/files/bbdca1f49c499099647df63a96d26dcc782ccb58871d59a5b6259f96741d499b [stream]
[debug] [2026-06-18T19:51:39.676Z] >>> [apiv2][query] POST https://upload-firebasehosting.googleapis.com/upload/sites/aliados-app-22/versions/a993ced759d53ec7/files/824472f608fea581bd68cc21a991b0d78f1c4d66291af20286c4f13383c147d1 [none]
[debug] [2026-06-18T19:51:39.676Z] >>> [apiv2][body] POST https://upload-firebasehosting.googleapis.com/upload/sites/aliados-app-22/versions/a993ced759d53ec7/files/824472f608fea581bd68cc21a991b0d78f1c4d66291af20286c4f13383c147d1 [stream]
[debug] [2026-06-18T19:51:39.677Z] >>> [apiv2][query] POST https://upload-firebasehosting.googleapis.com/upload/sites/aliados-app-22/versions/a993ced759d53ec7/files/192bc8426af7d29ddc8c9de6c3474f9a7afa2c19cfefd659a7d14d641b6dc99d [none]
[debug] [2026-06-18T19:51:39.677Z] >>> [apiv2][body] POST https://upload-firebasehosting.googleapis.com/upload/sites/aliados-app-22/versions/a993ced759d53ec7/files/192bc8426af7d29ddc8c9de6c3474f9a7afa2c19cfefd659a7d14d641b6dc99d [stream]
[debug] [2026-06-18T19:51:39.678Z] >>> [apiv2][query] POST https://upload-firebasehosting.googleapis.com/upload/sites/aliados-app-22/versions/a993ced759d53ec7/files/8f5b27af0899b1c57a7c67b4871f7b4530412abb036f1aa8318a7b056fdfb9e5 [none]
[debug] [2026-06-18T19:51:39.678Z] >>> [apiv2][body] POST https://upload-firebasehosting.googleapis.com/upload/sites/aliados-app-22/versions/a993ced759d53ec7/files/8f5b27af0899b1c57a7c67b4871f7b4530412abb036f1aa8318a7b056fdfb9e5 [stream]
[debug] [2026-06-18T19:51:39.679Z] >>> [apiv2][query] POST https://upload-firebasehosting.googleapis.com/upload/sites/aliados-app-22/versions/a993ced759d53ec7/files/500da49a8b00631ca764886f97f618649a176ba52c625bfe062948ccb049a213 [none]
[debug] [2026-06-18T19:51:39.679Z] >>> [apiv2][body] POST https://upload-firebasehosting.googleapis.com/upload/sites/aliados-app-22/versions/a993ced759d53ec7/files/500da49a8b00631ca764886f97f618649a176ba52c625bfe062948ccb049a213 [stream]
[debug] [2026-06-18T19:51:39.680Z] >>> [apiv2][query] POST https://upload-firebasehosting.googleapis.com/upload/sites/aliados-app-22/versions/a993ced759d53ec7/files/7beb7d020b8be2aef588340a6c766c3926f5f37e164696e80b938f3797c050ed [none]
[debug] [2026-06-18T19:51:39.680Z] >>> [apiv2][body] POST https://upload-firebasehosting.googleapis.com/upload/sites/aliados-app-22/versions/a993ced759d53ec7/files/7beb7d020b8be2aef588340a6c766c3926f5f37e164696e80b938f3797c050ed [stream]
[debug] [2026-06-18T19:51:39.680Z] >>> [apiv2][query] POST https://upload-firebasehosting.googleapis.com/upload/sites/aliados-app-22/versions/a993ced759d53ec7/files/16c8a6ca670a9b03d24bc707c013a9453422fa31f486d3a05071de0501a45d2e [none]
[debug] [2026-06-18T19:51:39.680Z] >>> [apiv2][body] POST https://upload-firebasehosting.googleapis.com/upload/sites/aliados-app-22/versions/a993ced759d53ec7/files/16c8a6ca670a9b03d24bc707c013a9453422fa31f486d3a05071de0501a45d2e [stream]
[debug] [2026-06-18T19:51:39.681Z] >>> [apiv2][query] POST https://upload-firebasehosting.googleapis.com/upload/sites/aliados-app-22/versions/a993ced759d53ec7/files/b321330f9939db36d12f6f04d8c7712c7480d0efbca4206981e9280aa576b0e3 [none]
[debug] [2026-06-18T19:51:39.681Z] >>> [apiv2][body] POST https://upload-firebasehosting.googleapis.com/upload/sites/aliados-app-22/versions/a993ced759d53ec7/files/b321330f9939db36d12f6f04d8c7712c7480d0efbca4206981e9280aa576b0e3 [stream]
[debug] [2026-06-18T19:51:39.682Z] >>> [apiv2][query] POST https://upload-firebasehosting.googleapis.com/upload/sites/aliados-app-22/versions/a993ced759d53ec7/files/f4172a64187b0bc685db3597d40eef7fb5796e88fbff5e2f8452bd5bcd4bcc43 [none]
[debug] [2026-06-18T19:51:39.682Z] >>> [apiv2][body] POST https://upload-firebasehosting.googleapis.com/upload/sites/aliados-app-22/versions/a993ced759d53ec7/files/f4172a64187b0bc685db3597d40eef7fb5796e88fbff5e2f8452bd5bcd4bcc43 [stream]
[debug] [2026-06-18T19:51:39.684Z] >>> [apiv2][query] POST https://upload-firebasehosting.googleapis.com/upload/sites/aliados-app-22/versions/a993ced759d53ec7/files/a6d5ad9125522599d9ddba500c45c51599e6e5e544d34df0a3d62bcdbffcf8d4 [none]
[debug] [2026-06-18T19:51:39.684Z] >>> [apiv2][body] POST https://upload-firebasehosting.googleapis.com/upload/sites/aliados-app-22/versions/a993ced759d53ec7/files/a6d5ad9125522599d9ddba500c45c51599e6e5e544d34df0a3d62bcdbffcf8d4 [stream]
[debug] [2026-06-18T19:51:39.685Z] >>> [apiv2][query] POST https://upload-firebasehosting.googleapis.com/upload/sites/aliados-app-22/versions/a993ced759d53ec7/files/a288b693569134fe71aa04cddbd867d29ae19f3fad1021fc3e31adebae4dce98 [none]
[debug] [2026-06-18T19:51:39.685Z] >>> [apiv2][body] POST https://upload-firebasehosting.googleapis.com/upload/sites/aliados-app-22/versions/a993ced759d53ec7/files/a288b693569134fe71aa04cddbd867d29ae19f3fad1021fc3e31adebae4dce98 [stream]
[debug] [2026-06-18T19:51:39.686Z] >>> [apiv2][query] POST https://upload-firebasehosting.googleapis.com/upload/sites/aliados-app-22/versions/a993ced759d53ec7/files/f2d1b644d447ea99998da2e7ac4dc8b5e84b5b28308bee07ef443fddd4a5067f [none]
[debug] [2026-06-18T19:51:39.686Z] >>> [apiv2][body] POST https://upload-firebasehosting.googleapis.com/upload/sites/aliados-app-22/versions/a993ced759d53ec7/files/f2d1b644d447ea99998da2e7ac4dc8b5e84b5b28308bee07ef443fddd4a5067f [stream]
[debug] [2026-06-18T19:51:39.687Z] >>> [apiv2][query] POST https://upload-firebasehosting.googleapis.com/upload/sites/aliados-app-22/versions/a993ced759d53ec7/files/b0b30dce215b1b3e6cabecd767d1a061759cf8db31e011f5cd693f9ca72baf49 [none]
[debug] [2026-06-18T19:51:39.687Z] >>> [apiv2][body] POST https://upload-firebasehosting.googleapis.com/upload/sites/aliados-app-22/versions/a993ced759d53ec7/files/b0b30dce215b1b3e6cabecd767d1a061759cf8db31e011f5cd693f9ca72baf49 [stream]
[debug] [2026-06-18T19:51:39.687Z] >>> [apiv2][query] POST https://upload-firebasehosting.googleapis.com/upload/sites/aliados-app-22/versions/a993ced759d53ec7/files/3c92644f0766b05f1f0d7c7fde8ce80dd8bd06baf339c1bdf4dd6183b0efa304 [none]
[debug] [2026-06-18T19:51:39.687Z] >>> [apiv2][body] POST https://upload-firebasehosting.googleapis.com/upload/sites/aliados-app-22/versions/a993ced759d53ec7/files/3c92644f0766b05f1f0d7c7fde8ce80dd8bd06baf339c1bdf4dd6183b0efa304 [stream]
[debug] [2026-06-18T19:51:39.688Z] >>> [apiv2][query] POST https://upload-firebasehosting.googleapis.com/upload/sites/aliados-app-22/versions/a993ced759d53ec7/files/bf79b26ad6a119a44a9969bb98050382990c37a2d65aee803302752f2977bbc0 [none]
[debug] [2026-06-18T19:51:39.688Z] >>> [apiv2][body] POST https://upload-firebasehosting.googleapis.com/upload/sites/aliados-app-22/versions/a993ced759d53ec7/files/bf79b26ad6a119a44a9969bb98050382990c37a2d65aee803302752f2977bbc0 [stream]
[debug] [2026-06-18T19:51:39.689Z] >>> [apiv2][query] POST https://upload-firebasehosting.googleapis.com/upload/sites/aliados-app-22/versions/a993ced759d53ec7/files/745fba145d64d28a8c3362c7431046e598e4fca54e9daa7375354444b02dd8e2 [none]
[debug] [2026-06-18T19:51:39.689Z] >>> [apiv2][body] POST https://upload-firebasehosting.googleapis.com/upload/sites/aliados-app-22/versions/a993ced759d53ec7/files/745fba145d64d28a8c3362c7431046e598e4fca54e9daa7375354444b02dd8e2 [stream]
[debug] [2026-06-18T19:51:39.689Z] >>> [apiv2][query] POST https://upload-firebasehosting.googleapis.com/upload/sites/aliados-app-22/versions/a993ced759d53ec7/files/c0a3e8ba6d6ec2bcd2475ef5919801b003e0bcb6242cf8df0a9e7c61eafde066 [none]
[debug] [2026-06-18T19:51:39.689Z] >>> [apiv2][body] POST https://upload-firebasehosting.googleapis.com/upload/sites/aliados-app-22/versions/a993ced759d53ec7/files/c0a3e8ba6d6ec2bcd2475ef5919801b003e0bcb6242cf8df0a9e7c61eafde066 [stream]
[debug] [2026-06-18T19:51:39.690Z] >>> [apiv2][query] POST https://upload-firebasehosting.googleapis.com/upload/sites/aliados-app-22/versions/a993ced759d53ec7/files/9a402e8ea81e79fdeebad2d725fed57d20b4ae3ee1b7c948433188a735b83273 [none]
[debug] [2026-06-18T19:51:39.690Z] >>> [apiv2][body] POST https://upload-firebasehosting.googleapis.com/upload/sites/aliados-app-22/versions/a993ced759d53ec7/files/9a402e8ea81e79fdeebad2d725fed57d20b4ae3ee1b7c948433188a735b83273 [stream]
[debug] [2026-06-18T19:51:39.690Z] >>> [apiv2][query] POST https://upload-firebasehosting.googleapis.com/upload/sites/aliados-app-22/versions/a993ced759d53ec7/files/82360c412340ab768945f6e474ff1852f8b75f564324ce0f6075b1e664f6c4ee [none]
[debug] [2026-06-18T19:51:39.690Z] >>> [apiv2][body] POST https://upload-firebasehosting.googleapis.com/upload/sites/aliados-app-22/versions/a993ced759d53ec7/files/82360c412340ab768945f6e474ff1852f8b75f564324ce0f6075b1e664f6c4ee [stream]
[debug] [2026-06-18T19:51:39.691Z] >>> [apiv2][query] POST https://upload-firebasehosting.googleapis.com/upload/sites/aliados-app-22/versions/a993ced759d53ec7/files/a41f6bfc0a041c10aef3417811b18a34c7267d7b1837b7d8aadf1f61363a2836 [none]
[debug] [2026-06-18T19:51:39.691Z] >>> [apiv2][body] POST https://upload-firebasehosting.googleapis.com/upload/sites/aliados-app-22/versions/a993ced759d53ec7/files/a41f6bfc0a041c10aef3417811b18a34c7267d7b1837b7d8aadf1f61363a2836 [stream]
[debug] [2026-06-18T19:51:39.691Z] >>> [apiv2][query] POST https://upload-firebasehosting.googleapis.com/upload/sites/aliados-app-22/versions/a993ced759d53ec7/files/fe533089c7e63cea96129e94600bf71d8bbc3c7fa1ac36ae86ba632571008b79 [none]
[debug] [2026-06-18T19:51:39.691Z] >>> [apiv2][body] POST https://upload-firebasehosting.googleapis.com/upload/sites/aliados-app-22/versions/a993ced759d53ec7/files/fe533089c7e63cea96129e94600bf71d8bbc3c7fa1ac36ae86ba632571008b79 [stream]
[debug] [2026-06-18T19:51:39.692Z] >>> [apiv2][query] POST https://upload-firebasehosting.googleapis.com/upload/sites/aliados-app-22/versions/a993ced759d53ec7/files/03909c27040836bda916aa1479363c00c43ea202ad9041ba9eb456a2ee53fef4 [none]
[debug] [2026-06-18T19:51:39.692Z] >>> [apiv2][body] POST https://upload-firebasehosting.googleapis.com/upload/sites/aliados-app-22/versions/a993ced759d53ec7/files/03909c27040836bda916aa1479363c00c43ea202ad9041ba9eb456a2ee53fef4 [stream]
[debug] [2026-06-18T19:51:39.692Z] >>> [apiv2][query] POST https://upload-firebasehosting.googleapis.com/upload/sites/aliados-app-22/versions/a993ced759d53ec7/files/cfe900412758283d4fdfd49d964fcfc0e424f81424b1890ead7612aeb985b0f3 [none]
[debug] [2026-06-18T19:51:39.692Z] >>> [apiv2][body] POST https://upload-firebasehosting.googleapis.com/upload/sites/aliados-app-22/versions/a993ced759d53ec7/files/cfe900412758283d4fdfd49d964fcfc0e424f81424b1890ead7612aeb985b0f3 [stream]
[debug] [2026-06-18T19:51:39.693Z] >>> [apiv2][query] POST https://upload-firebasehosting.googleapis.com/upload/sites/aliados-app-22/versions/a993ced759d53ec7/files/05437746f553e677f09dbd623cdecaf3e5a6bd7f8d069ba05c00bf8b2ed583f2 [none]
[debug] [2026-06-18T19:51:39.693Z] >>> [apiv2][body] POST https://upload-firebasehosting.googleapis.com/upload/sites/aliados-app-22/versions/a993ced759d53ec7/files/05437746f553e677f09dbd623cdecaf3e5a6bd7f8d069ba05c00bf8b2ed583f2 [stream]
[debug] [2026-06-18T19:51:39.694Z] >>> [apiv2][query] POST https://upload-firebasehosting.googleapis.com/upload/sites/aliados-app-22/versions/a993ced759d53ec7/files/cb8589a315a3c17fa07200eb76d03f2337027c3fb55ee3da82e2c80dfcb9eef3 [none]
[debug] [2026-06-18T19:51:39.694Z] >>> [apiv2][body] POST https://upload-firebasehosting.googleapis.com/upload/sites/aliados-app-22/versions/a993ced759d53ec7/files/cb8589a315a3c17fa07200eb76d03f2337027c3fb55ee3da82e2c80dfcb9eef3 [stream]
[debug] [2026-06-18T19:51:39.694Z] >>> [apiv2][query] POST https://upload-firebasehosting.googleapis.com/upload/sites/aliados-app-22/versions/a993ced759d53ec7/files/891c3a8df00603c343c071f3e79550c83a225ee961d5500af97e49c67b22b387 [none]
[debug] [2026-06-18T19:51:39.694Z] >>> [apiv2][body] POST https://upload-firebasehosting.googleapis.com/upload/sites/aliados-app-22/versions/a993ced759d53ec7/files/891c3a8df00603c343c071f3e79550c83a225ee961d5500af97e49c67b22b387 [stream]
[debug] [2026-06-18T19:51:39.695Z] >>> [apiv2][query] POST https://upload-firebasehosting.googleapis.com/upload/sites/aliados-app-22/versions/a993ced759d53ec7/files/0246b95cace40382d8ab1c73bcbaebfe079aeb692525cc0c1c70090dcc9a522d [none]
[debug] [2026-06-18T19:51:39.695Z] >>> [apiv2][body] POST https://upload-firebasehosting.googleapis.com/upload/sites/aliados-app-22/versions/a993ced759d53ec7/files/0246b95cace40382d8ab1c73bcbaebfe079aeb692525cc0c1c70090dcc9a522d [stream]
[debug] [2026-06-18T19:51:39.695Z] >>> [apiv2][query] POST https://upload-firebasehosting.googleapis.com/upload/sites/aliados-app-22/versions/a993ced759d53ec7/files/eda3ce682b616bae725b547835d104743416f0d4cba61ebef0ee811f05d5f3c0 [none]
[debug] [2026-06-18T19:51:39.695Z] >>> [apiv2][body] POST https://upload-firebasehosting.googleapis.com/upload/sites/aliados-app-22/versions/a993ced759d53ec7/files/eda3ce682b616bae725b547835d104743416f0d4cba61ebef0ee811f05d5f3c0 [stream]
[debug] [2026-06-18T19:51:39.695Z] >>> [apiv2][query] POST https://upload-firebasehosting.googleapis.com/upload/sites/aliados-app-22/versions/a993ced759d53ec7/files/99871a755b6cebed9ee66a1572c4dd7d1c2f7ad7e92e4354af2401958f03bdb8 [none]
[debug] [2026-06-18T19:51:39.695Z] >>> [apiv2][body] POST https://upload-firebasehosting.googleapis.com/upload/sites/aliados-app-22/versions/a993ced759d53ec7/files/99871a755b6cebed9ee66a1572c4dd7d1c2f7ad7e92e4354af2401958f03bdb8 [stream]
[debug] [2026-06-18T19:51:39.696Z] >>> [apiv2][query] POST https://upload-firebasehosting.googleapis.com/upload/sites/aliados-app-22/versions/a993ced759d53ec7/files/280154052dfcecb2eb7d8f03d0ed67fca58a74192500c0f79d8e36f27d0f26bb [none]
[debug] [2026-06-18T19:51:39.696Z] >>> [apiv2][body] POST https://upload-firebasehosting.googleapis.com/upload/sites/aliados-app-22/versions/a993ced759d53ec7/files/280154052dfcecb2eb7d8f03d0ed67fca58a74192500c0f79d8e36f27d0f26bb [stream]
[debug] [2026-06-18T19:51:39.696Z] >>> [apiv2][query] POST https://upload-firebasehosting.googleapis.com/upload/sites/aliados-app-22/versions/a993ced759d53ec7/files/7c293fee39f1ab37280cb21b8ac1dcf3ffde63cda44ef8cebab71190c77e2770 [none]
[debug] [2026-06-18T19:51:39.696Z] >>> [apiv2][body] POST https://upload-firebasehosting.googleapis.com/upload/sites/aliados-app-22/versions/a993ced759d53ec7/files/7c293fee39f1ab37280cb21b8ac1dcf3ffde63cda44ef8cebab71190c77e2770 [stream]
[debug] [2026-06-18T19:51:39.697Z] >>> [apiv2][query] POST https://upload-firebasehosting.googleapis.com/upload/sites/aliados-app-22/versions/a993ced759d53ec7/files/b7774e6741cb09e421f1b93ed687ceb588c5e7085f8eabcf341c69a0094f6bd1 [none]
[debug] [2026-06-18T19:51:39.697Z] >>> [apiv2][body] POST https://upload-firebasehosting.googleapis.com/upload/sites/aliados-app-22/versions/a993ced759d53ec7/files/b7774e6741cb09e421f1b93ed687ceb588c5e7085f8eabcf341c69a0094f6bd1 [stream]
[debug] [2026-06-18T19:51:39.697Z] >>> [apiv2][query] POST https://upload-firebasehosting.googleapis.com/upload/sites/aliados-app-22/versions/a993ced759d53ec7/files/c12c519a0d46afca2b27a7d893fb6b52074a0ed9917d9a005fc3772ec6b94768 [none]
[debug] [2026-06-18T19:51:39.697Z] >>> [apiv2][body] POST https://upload-firebasehosting.googleapis.com/upload/sites/aliados-app-22/versions/a993ced759d53ec7/files/c12c519a0d46afca2b27a7d893fb6b52074a0ed9917d9a005fc3772ec6b94768 [stream]
[debug] [2026-06-18T19:51:39.698Z] >>> [apiv2][query] POST https://upload-firebasehosting.googleapis.com/upload/sites/aliados-app-22/versions/a993ced759d53ec7/files/12b9e1df4462be5588915df073b1730ce9624dee79eebaed1687e20d5f73f432 [none]
[debug] [2026-06-18T19:51:39.698Z] >>> [apiv2][body] POST https://upload-firebasehosting.googleapis.com/upload/sites/aliados-app-22/versions/a993ced759d53ec7/files/12b9e1df4462be5588915df073b1730ce9624dee79eebaed1687e20d5f73f432 [stream]
[debug] [2026-06-18T19:51:39.698Z] >>> [apiv2][query] POST https://upload-firebasehosting.googleapis.com/upload/sites/aliados-app-22/versions/a993ced759d53ec7/files/daae22e9e8689acbd9592e3923c564a7b1171d533e38637a22ef3b70900d186b [none]
[debug] [2026-06-18T19:51:39.698Z] >>> [apiv2][body] POST https://upload-firebasehosting.googleapis.com/upload/sites/aliados-app-22/versions/a993ced759d53ec7/files/daae22e9e8689acbd9592e3923c564a7b1171d533e38637a22ef3b70900d186b [stream]
[debug] [2026-06-18T19:51:39.699Z] >>> [apiv2][query] POST https://upload-firebasehosting.googleapis.com/upload/sites/aliados-app-22/versions/a993ced759d53ec7/files/6bc6a209183a45492ab3866164252165126b206e5d2a8d7a0fdd65e9d0d9d256 [none]
[debug] [2026-06-18T19:51:39.699Z] >>> [apiv2][body] POST https://upload-firebasehosting.googleapis.com/upload/sites/aliados-app-22/versions/a993ced759d53ec7/files/6bc6a209183a45492ab3866164252165126b206e5d2a8d7a0fdd65e9d0d9d256 [stream]
[debug] [2026-06-18T19:51:39.699Z] >>> [apiv2][query] POST https://upload-firebasehosting.googleapis.com/upload/sites/aliados-app-22/versions/a993ced759d53ec7/files/3fca91738524743752c8fc079ac0a34aaa5c0f936301de25f71d7123cae9f039 [none]
[debug] [2026-06-18T19:51:39.699Z] >>> [apiv2][body] POST https://upload-firebasehosting.googleapis.com/upload/sites/aliados-app-22/versions/a993ced759d53ec7/files/3fca91738524743752c8fc079ac0a34aaa5c0f936301de25f71d7123cae9f039 [stream]
[debug] [2026-06-18T19:51:39.700Z] >>> [apiv2][query] POST https://upload-firebasehosting.googleapis.com/upload/sites/aliados-app-22/versions/a993ced759d53ec7/files/222eb6d91242a56b82b484684d005f2e12debfbd3e31a49b2b451d36b2cf52cc [none]
[debug] [2026-06-18T19:51:39.700Z] >>> [apiv2][body] POST https://upload-firebasehosting.googleapis.com/upload/sites/aliados-app-22/versions/a993ced759d53ec7/files/222eb6d91242a56b82b484684d005f2e12debfbd3e31a49b2b451d36b2cf52cc [stream]
[debug] [2026-06-18T19:51:39.700Z] >>> [apiv2][query] POST https://upload-firebasehosting.googleapis.com/upload/sites/aliados-app-22/versions/a993ced759d53ec7/files/c84c2dffd729b4979134e1342d3c6d2961970544abc8ba1914915f1661d20cc1 [none]
[debug] [2026-06-18T19:51:39.700Z] >>> [apiv2][body] POST https://upload-firebasehosting.googleapis.com/upload/sites/aliados-app-22/versions/a993ced759d53ec7/files/c84c2dffd729b4979134e1342d3c6d2961970544abc8ba1914915f1661d20cc1 [stream]
[debug] [2026-06-18T19:51:39.701Z] >>> [apiv2][query] POST https://upload-firebasehosting.googleapis.com/upload/sites/aliados-app-22/versions/a993ced759d53ec7/files/c3ed74799664ce9663a28f127680099b3656b61b665a28ed2f3f177fad58adaf [none]
[debug] [2026-06-18T19:51:39.701Z] >>> [apiv2][body] POST https://upload-firebasehosting.googleapis.com/upload/sites/aliados-app-22/versions/a993ced759d53ec7/files/c3ed74799664ce9663a28f127680099b3656b61b665a28ed2f3f177fad58adaf [stream]
[debug] [2026-06-18T19:51:39.701Z] >>> [apiv2][query] POST https://upload-firebasehosting.googleapis.com/upload/sites/aliados-app-22/versions/a993ced759d53ec7/files/86e8c3bcbd392f6afa1ef642dc19a6b9e82b1a0e001e24dfa589a365d125e7b9 [none]
[debug] [2026-06-18T19:51:39.701Z] >>> [apiv2][body] POST https://upload-firebasehosting.googleapis.com/upload/sites/aliados-app-22/versions/a993ced759d53ec7/files/86e8c3bcbd392f6afa1ef642dc19a6b9e82b1a0e001e24dfa589a365d125e7b9 [stream]
[debug] [2026-06-18T19:51:39.701Z] >>> [apiv2][query] POST https://upload-firebasehosting.googleapis.com/upload/sites/aliados-app-22/versions/a993ced759d53ec7/files/5a1cc48313d10ad68b6d056b8615ca093b906e6b5c4dcbe65967f6aeb22bc169 [none]
[debug] [2026-06-18T19:51:39.701Z] >>> [apiv2][body] POST https://upload-firebasehosting.googleapis.com/upload/sites/aliados-app-22/versions/a993ced759d53ec7/files/5a1cc48313d10ad68b6d056b8615ca093b906e6b5c4dcbe65967f6aeb22bc169 [stream]
[debug] [2026-06-18T19:51:39.702Z] >>> [apiv2][query] POST https://upload-firebasehosting.googleapis.com/upload/sites/aliados-app-22/versions/a993ced759d53ec7/files/73144c267f65b2ebe81adbe087fe44a82f514b171f684237e04f1528b11fa5de [none]
[debug] [2026-06-18T19:51:39.702Z] >>> [apiv2][body] POST https://upload-firebasehosting.googleapis.com/upload/sites/aliados-app-22/versions/a993ced759d53ec7/files/73144c267f65b2ebe81adbe087fe44a82f514b171f684237e04f1528b11fa5de [stream]
[debug] [2026-06-18T19:51:39.702Z] >>> [apiv2][query] POST https://upload-firebasehosting.googleapis.com/upload/sites/aliados-app-22/versions/a993ced759d53ec7/files/f1c743aa24e4a535aa699cabb9a4de61ff874364976edf1acd5c3190b36cecb1 [none]
[debug] [2026-06-18T19:51:39.702Z] >>> [apiv2][body] POST https://upload-firebasehosting.googleapis.com/upload/sites/aliados-app-22/versions/a993ced759d53ec7/files/f1c743aa24e4a535aa699cabb9a4de61ff874364976edf1acd5c3190b36cecb1 [stream]
[debug] [2026-06-18T19:51:39.703Z] >>> [apiv2][query] POST https://upload-firebasehosting.googleapis.com/upload/sites/aliados-app-22/versions/a993ced759d53ec7/files/df0d90c894b73762465e81c9358571e152c201eba9d9aed14213b1f3737cd002 [none]
[debug] [2026-06-18T19:51:39.703Z] >>> [apiv2][body] POST https://upload-firebasehosting.googleapis.com/upload/sites/aliados-app-22/versions/a993ced759d53ec7/files/df0d90c894b73762465e81c9358571e152c201eba9d9aed14213b1f3737cd002 [stream]
[debug] [2026-06-18T19:51:39.703Z] >>> [apiv2][query] POST https://upload-firebasehosting.googleapis.com/upload/sites/aliados-app-22/versions/a993ced759d53ec7/files/e4b0cee3b88a2003b453240fda79063b03591783226183e5bfe3450b25507340 [none]
[debug] [2026-06-18T19:51:39.703Z] >>> [apiv2][body] POST https://upload-firebasehosting.googleapis.com/upload/sites/aliados-app-22/versions/a993ced759d53ec7/files/e4b0cee3b88a2003b453240fda79063b03591783226183e5bfe3450b25507340 [stream]
[debug] [2026-06-18T19:51:39.704Z] >>> [apiv2][query] POST https://upload-firebasehosting.googleapis.com/upload/sites/aliados-app-22/versions/a993ced759d53ec7/files/636068ed955d482b99ac57cc889bfb3fc5ddcbf7a12dae3ea3646422339c65d2 [none]
[debug] [2026-06-18T19:51:39.704Z] >>> [apiv2][body] POST https://upload-firebasehosting.googleapis.com/upload/sites/aliados-app-22/versions/a993ced759d53ec7/files/636068ed955d482b99ac57cc889bfb3fc5ddcbf7a12dae3ea3646422339c65d2 [stream]
[debug] [2026-06-18T19:51:39.704Z] >>> [apiv2][query] POST https://upload-firebasehosting.googleapis.com/upload/sites/aliados-app-22/versions/a993ced759d53ec7/files/2db91d943f89118cce469142059f3f3976999d0e3b4106d31dd3e581707959a6 [none]
[debug] [2026-06-18T19:51:39.704Z] >>> [apiv2][body] POST https://upload-firebasehosting.googleapis.com/upload/sites/aliados-app-22/versions/a993ced759d53ec7/files/2db91d943f89118cce469142059f3f3976999d0e3b4106d31dd3e581707959a6 [stream]
[debug] [2026-06-18T19:51:39.704Z] >>> [apiv2][query] POST https://upload-firebasehosting.googleapis.com/upload/sites/aliados-app-22/versions/a993ced759d53ec7/files/98be7d9ed8fd4d0d58acdda7a55ef6d6fd076e645c37465e63f915fe8f87b492 [none]
[debug] [2026-06-18T19:51:39.704Z] >>> [apiv2][body] POST https://upload-firebasehosting.googleapis.com/upload/sites/aliados-app-22/versions/a993ced759d53ec7/files/98be7d9ed8fd4d0d58acdda7a55ef6d6fd076e645c37465e63f915fe8f87b492 [stream]
[debug] [2026-06-18T19:51:39.705Z] >>> [apiv2][query] POST https://upload-firebasehosting.googleapis.com/upload/sites/aliados-app-22/versions/a993ced759d53ec7/files/c0ebceefb8b13304c43262fa1476510e99ff63a14049a824d06daf882792397c [none]
[debug] [2026-06-18T19:51:39.705Z] >>> [apiv2][body] POST https://upload-firebasehosting.googleapis.com/upload/sites/aliados-app-22/versions/a993ced759d53ec7/files/c0ebceefb8b13304c43262fa1476510e99ff63a14049a824d06daf882792397c [stream]
[debug] [2026-06-18T19:51:39.705Z] >>> [apiv2][query] POST https://upload-firebasehosting.googleapis.com/upload/sites/aliados-app-22/versions/a993ced759d53ec7/files/4cf3a801c98d49643246d3a9bb681b22c849f77fa309621616a6a3831f0e8dd6 [none]
[debug] [2026-06-18T19:51:39.705Z] >>> [apiv2][body] POST https://upload-firebasehosting.googleapis.com/upload/sites/aliados-app-22/versions/a993ced759d53ec7/files/4cf3a801c98d49643246d3a9bb681b22c849f77fa309621616a6a3831f0e8dd6 [stream]
[debug] [2026-06-18T19:51:39.706Z] >>> [apiv2][query] POST https://upload-firebasehosting.googleapis.com/upload/sites/aliados-app-22/versions/a993ced759d53ec7/files/f07e73acb5fffc4b3acc24d3115afe0076ec08947015ff3895db44e072303d7d [none]
[debug] [2026-06-18T19:51:39.706Z] >>> [apiv2][body] POST https://upload-firebasehosting.googleapis.com/upload/sites/aliados-app-22/versions/a993ced759d53ec7/files/f07e73acb5fffc4b3acc24d3115afe0076ec08947015ff3895db44e072303d7d [stream]
[debug] [2026-06-18T19:51:39.706Z] >>> [apiv2][query] POST https://upload-firebasehosting.googleapis.com/upload/sites/aliados-app-22/versions/a993ced759d53ec7/files/6acc9722cf40086b31356a6e718b1ffd34594c7b7ad7cd3a7c102c5239b5cfbd [none]
[debug] [2026-06-18T19:51:39.706Z] >>> [apiv2][body] POST https://upload-firebasehosting.googleapis.com/upload/sites/aliados-app-22/versions/a993ced759d53ec7/files/6acc9722cf40086b31356a6e718b1ffd34594c7b7ad7cd3a7c102c5239b5cfbd [stream]
[debug] [2026-06-18T19:51:39.706Z] >>> [apiv2][query] POST https://upload-firebasehosting.googleapis.com/upload/sites/aliados-app-22/versions/a993ced759d53ec7/files/9722598184d9f4f5bc021a7798a7af142e0ef5f7c46d475d987f0653617b0c9c [none]
[debug] [2026-06-18T19:51:39.706Z] >>> [apiv2][body] POST https://upload-firebasehosting.googleapis.com/upload/sites/aliados-app-22/versions/a993ced759d53ec7/files/9722598184d9f4f5bc021a7798a7af142e0ef5f7c46d475d987f0653617b0c9c [stream]
[debug] [2026-06-18T19:51:39.707Z] >>> [apiv2][query] POST https://upload-firebasehosting.googleapis.com/upload/sites/aliados-app-22/versions/a993ced759d53ec7/files/746a41da8dfe0d204642a891d5ba6b39e95023a64f9daedef8fdfad3d9e1b773 [none]
[debug] [2026-06-18T19:51:39.707Z] >>> [apiv2][body] POST https://upload-firebasehosting.googleapis.com/upload/sites/aliados-app-22/versions/a993ced759d53ec7/files/746a41da8dfe0d204642a891d5ba6b39e95023a64f9daedef8fdfad3d9e1b773 [stream]
[debug] [2026-06-18T19:51:39.707Z] >>> [apiv2][query] POST https://upload-firebasehosting.googleapis.com/upload/sites/aliados-app-22/versions/a993ced759d53ec7/files/4ad15735eb8437254bbba91e2013a0d3d06dc0b980fc53e435cc319b512ca52a [none]
[debug] [2026-06-18T19:51:39.707Z] >>> [apiv2][body] POST https://upload-firebasehosting.googleapis.com/upload/sites/aliados-app-22/versions/a993ced759d53ec7/files/4ad15735eb8437254bbba91e2013a0d3d06dc0b980fc53e435cc319b512ca52a [stream]
[debug] [2026-06-18T19:51:39.708Z] >>> [apiv2][query] POST https://upload-firebasehosting.googleapis.com/upload/sites/aliados-app-22/versions/a993ced759d53ec7/files/3e752d17a6f660e26f0f81388c4f9b28310d24b1d6b6db002c8c70111791d0db [none]
[debug] [2026-06-18T19:51:39.708Z] >>> [apiv2][body] POST https://upload-firebasehosting.googleapis.com/upload/sites/aliados-app-22/versions/a993ced759d53ec7/files/3e752d17a6f660e26f0f81388c4f9b28310d24b1d6b6db002c8c70111791d0db [stream]
[debug] [2026-06-18T19:51:39.708Z] >>> [apiv2][query] POST https://upload-firebasehosting.googleapis.com/upload/sites/aliados-app-22/versions/a993ced759d53ec7/files/32d2b9beee52d33ad8777334f588547e77949b1270ad85cc67f1fa8ce86ccaf0 [none]
[debug] [2026-06-18T19:51:39.708Z] >>> [apiv2][body] POST https://upload-firebasehosting.googleapis.com/upload/sites/aliados-app-22/versions/a993ced759d53ec7/files/32d2b9beee52d33ad8777334f588547e77949b1270ad85cc67f1fa8ce86ccaf0 [stream]
[debug] [2026-06-18T19:51:39.708Z] >>> [apiv2][query] POST https://upload-firebasehosting.googleapis.com/upload/sites/aliados-app-22/versions/a993ced759d53ec7/files/f134d30a154a4ada59cb87d8ba825777d97d49e4fbbcf7807c09956b586bc36d [none]
[debug] [2026-06-18T19:51:39.708Z] >>> [apiv2][body] POST https://upload-firebasehosting.googleapis.com/upload/sites/aliados-app-22/versions/a993ced759d53ec7/files/f134d30a154a4ada59cb87d8ba825777d97d49e4fbbcf7807c09956b586bc36d [stream]
[debug] [2026-06-18T19:51:39.709Z] >>> [apiv2][query] POST https://upload-firebasehosting.googleapis.com/upload/sites/aliados-app-22/versions/a993ced759d53ec7/files/820c51c4e79bbd36166c4e4a0b7d763a21bba2bb3e08a60846acc103ddc94c1a [none]
[debug] [2026-06-18T19:51:39.709Z] >>> [apiv2][body] POST https://upload-firebasehosting.googleapis.com/upload/sites/aliados-app-22/versions/a993ced759d53ec7/files/820c51c4e79bbd36166c4e4a0b7d763a21bba2bb3e08a60846acc103ddc94c1a [stream]
[debug] [2026-06-18T19:51:39.709Z] >>> [apiv2][query] POST https://upload-firebasehosting.googleapis.com/upload/sites/aliados-app-22/versions/a993ced759d53ec7/files/f73af17e981c0557ecc8d8ed1ab27fd416bee9f397771380f2ef5c7024d3969a [none]
[debug] [2026-06-18T19:51:39.709Z] >>> [apiv2][body] POST https://upload-firebasehosting.googleapis.com/upload/sites/aliados-app-22/versions/a993ced759d53ec7/files/f73af17e981c0557ecc8d8ed1ab27fd416bee9f397771380f2ef5c7024d3969a [stream]
[debug] [2026-06-18T19:51:39.710Z] >>> [apiv2][query] POST https://upload-firebasehosting.googleapis.com/upload/sites/aliados-app-22/versions/a993ced759d53ec7/files/cbd9e177507da6c05119a5fb4aa35e1f70f10a85da2768067ce11fa531de994f [none]
[debug] [2026-06-18T19:51:39.710Z] >>> [apiv2][body] POST https://upload-firebasehosting.googleapis.com/upload/sites/aliados-app-22/versions/a993ced759d53ec7/files/cbd9e177507da6c05119a5fb4aa35e1f70f10a85da2768067ce11fa531de994f [stream]
[debug] [2026-06-18T19:51:39.710Z] >>> [apiv2][query] POST https://upload-firebasehosting.googleapis.com/upload/sites/aliados-app-22/versions/a993ced759d53ec7/files/dc54d80f937b0a722738d95fa22c690adc06419378d8db22638b222662c31e6e [none]
[debug] [2026-06-18T19:51:39.710Z] >>> [apiv2][body] POST https://upload-firebasehosting.googleapis.com/upload/sites/aliados-app-22/versions/a993ced759d53ec7/files/dc54d80f937b0a722738d95fa22c690adc06419378d8db22638b222662c31e6e [stream]
[debug] [2026-06-18T19:51:39.710Z] >>> [apiv2][query] POST https://upload-firebasehosting.googleapis.com/upload/sites/aliados-app-22/versions/a993ced759d53ec7/files/f3d350b4cceb3ef86aaa0a9c1dbb9af137438986ffd5a5737fbb26157676f8aa [none]
[debug] [2026-06-18T19:51:39.710Z] >>> [apiv2][body] POST https://upload-firebasehosting.googleapis.com/upload/sites/aliados-app-22/versions/a993ced759d53ec7/files/f3d350b4cceb3ef86aaa0a9c1dbb9af137438986ffd5a5737fbb26157676f8aa [stream]
[debug] [2026-06-18T19:51:39.711Z] >>> [apiv2][query] POST https://upload-firebasehosting.googleapis.com/upload/sites/aliados-app-22/versions/a993ced759d53ec7/files/b1465502ad1cef5c2f8f219e4c2b4274f16d36031fa84914dfbdee944da4b9a4 [none]
[debug] [2026-06-18T19:51:39.711Z] >>> [apiv2][body] POST https://upload-firebasehosting.googleapis.com/upload/sites/aliados-app-22/versions/a993ced759d53ec7/files/b1465502ad1cef5c2f8f219e4c2b4274f16d36031fa84914dfbdee944da4b9a4 [stream]
[debug] [2026-06-18T19:51:39.711Z] >>> [apiv2][query] POST https://upload-firebasehosting.googleapis.com/upload/sites/aliados-app-22/versions/a993ced759d53ec7/files/ed0bbdf6ed8f9ce28d7c21f0e9c2844d6012bd12a8cef361062ff8f335bf4ec9 [none]
[debug] [2026-06-18T19:51:39.711Z] >>> [apiv2][body] POST https://upload-firebasehosting.googleapis.com/upload/sites/aliados-app-22/versions/a993ced759d53ec7/files/ed0bbdf6ed8f9ce28d7c21f0e9c2844d6012bd12a8cef361062ff8f335bf4ec9 [stream]
[debug] [2026-06-18T19:51:39.711Z] >>> [apiv2][query] POST https://upload-firebasehosting.googleapis.com/upload/sites/aliados-app-22/versions/a993ced759d53ec7/files/648b86da7e3cd2baca552f9f9239f1dacd2396d0c8a9389d00b937f24cf4abad [none]
[debug] [2026-06-18T19:51:39.711Z] >>> [apiv2][body] POST https://upload-firebasehosting.googleapis.com/upload/sites/aliados-app-22/versions/a993ced759d53ec7/files/648b86da7e3cd2baca552f9f9239f1dacd2396d0c8a9389d00b937f24cf4abad [stream]
[debug] [2026-06-18T19:51:39.712Z] >>> [apiv2][query] POST https://upload-firebasehosting.googleapis.com/upload/sites/aliados-app-22/versions/a993ced759d53ec7/files/7ee46e5a20c8d425c1d74fd0cbafccb2cfcec185e4707a022f36bf5c5089d2d9 [none]
[debug] [2026-06-18T19:51:39.712Z] >>> [apiv2][body] POST https://upload-firebasehosting.googleapis.com/upload/sites/aliados-app-22/versions/a993ced759d53ec7/files/7ee46e5a20c8d425c1d74fd0cbafccb2cfcec185e4707a022f36bf5c5089d2d9 [stream]
[debug] [2026-06-18T19:51:39.712Z] >>> [apiv2][query] POST https://upload-firebasehosting.googleapis.com/upload/sites/aliados-app-22/versions/a993ced759d53ec7/files/30e03990c98421275d4a8c39c4ba6e3614d335b97d831e23f809d2d3d1d99be3 [none]
[debug] [2026-06-18T19:51:39.712Z] >>> [apiv2][body] POST https://upload-firebasehosting.googleapis.com/upload/sites/aliados-app-22/versions/a993ced759d53ec7/files/30e03990c98421275d4a8c39c4ba6e3614d335b97d831e23f809d2d3d1d99be3 [stream]
[debug] [2026-06-18T19:51:39.712Z] >>> [apiv2][query] POST https://upload-firebasehosting.googleapis.com/upload/sites/aliados-app-22/versions/a993ced759d53ec7/files/bc03df0820ca365beee7bd480632d4bc2e39df760dbef21b8daf39634b8f4645 [none]
[debug] [2026-06-18T19:51:39.712Z] >>> [apiv2][body] POST https://upload-firebasehosting.googleapis.com/upload/sites/aliados-app-22/versions/a993ced759d53ec7/files/bc03df0820ca365beee7bd480632d4bc2e39df760dbef21b8daf39634b8f4645 [stream]
[debug] [2026-06-18T19:51:39.713Z] >>> [apiv2][query] POST https://upload-firebasehosting.googleapis.com/upload/sites/aliados-app-22/versions/a993ced759d53ec7/files/36ca3bdea7a6ae627ce0e8108ccc3247dcdb0e3a16fc8cc9020ef99e063bd182 [none]
[debug] [2026-06-18T19:51:39.713Z] >>> [apiv2][body] POST https://upload-firebasehosting.googleapis.com/upload/sites/aliados-app-22/versions/a993ced759d53ec7/files/36ca3bdea7a6ae627ce0e8108ccc3247dcdb0e3a16fc8cc9020ef99e063bd182 [stream]
[debug] [2026-06-18T19:51:39.713Z] >>> [apiv2][query] POST https://upload-firebasehosting.googleapis.com/upload/sites/aliados-app-22/versions/a993ced759d53ec7/files/08358c3060e81841f32349334ea77a113a6bfd31e4138e48b4808cfdc438d123 [none]
[debug] [2026-06-18T19:51:39.713Z] >>> [apiv2][body] POST https://upload-firebasehosting.googleapis.com/upload/sites/aliados-app-22/versions/a993ced759d53ec7/files/08358c3060e81841f32349334ea77a113a6bfd31e4138e48b4808cfdc438d123 [stream]
[debug] [2026-06-18T19:51:39.713Z] >>> [apiv2][query] POST https://upload-firebasehosting.googleapis.com/upload/sites/aliados-app-22/versions/a993ced759d53ec7/files/79c0c3a7c5e74734d4af6b66c0a9f7842eac80675b56edbd3f32e37d892ab628 [none]
[debug] [2026-06-18T19:51:39.714Z] >>> [apiv2][body] POST https://upload-firebasehosting.googleapis.com/upload/sites/aliados-app-22/versions/a993ced759d53ec7/files/79c0c3a7c5e74734d4af6b66c0a9f7842eac80675b56edbd3f32e37d892ab628 [stream]
[debug] [2026-06-18T19:51:39.714Z] >>> [apiv2][query] POST https://upload-firebasehosting.googleapis.com/upload/sites/aliados-app-22/versions/a993ced759d53ec7/files/62e6fed8409c283b886b93de917a503286246e048dd06408810cb08f30792417 [none]
[debug] [2026-06-18T19:51:39.714Z] >>> [apiv2][body] POST https://upload-firebasehosting.googleapis.com/upload/sites/aliados-app-22/versions/a993ced759d53ec7/files/62e6fed8409c283b886b93de917a503286246e048dd06408810cb08f30792417 [stream]
[debug] [2026-06-18T19:51:39.714Z] >>> [apiv2][query] POST https://upload-firebasehosting.googleapis.com/upload/sites/aliados-app-22/versions/a993ced759d53ec7/files/f9806f47a7984f4fe522784b328ae45f5ee48ef34cd789464caeabcec7e1c592 [none]
[debug] [2026-06-18T19:51:39.714Z] >>> [apiv2][body] POST https://upload-firebasehosting.googleapis.com/upload/sites/aliados-app-22/versions/a993ced759d53ec7/files/f9806f47a7984f4fe522784b328ae45f5ee48ef34cd789464caeabcec7e1c592 [stream]
[debug] [2026-06-18T19:51:39.715Z] >>> [apiv2][query] POST https://upload-firebasehosting.googleapis.com/upload/sites/aliados-app-22/versions/a993ced759d53ec7/files/d0848d3c67ad168c5f2530b9a15df5b35173762147dda5f5fe5fd58783bb1776 [none]
[debug] [2026-06-18T19:51:39.715Z] >>> [apiv2][body] POST https://upload-firebasehosting.googleapis.com/upload/sites/aliados-app-22/versions/a993ced759d53ec7/files/d0848d3c67ad168c5f2530b9a15df5b35173762147dda5f5fe5fd58783bb1776 [stream]
[debug] [2026-06-18T19:51:39.715Z] >>> [apiv2][query] POST https://upload-firebasehosting.googleapis.com/upload/sites/aliados-app-22/versions/a993ced759d53ec7/files/af8618700aa5a140fde7733aeb3718affce36e167342bd7c908c8611f65c5a41 [none]
[debug] [2026-06-18T19:51:39.715Z] >>> [apiv2][body] POST https://upload-firebasehosting.googleapis.com/upload/sites/aliados-app-22/versions/a993ced759d53ec7/files/af8618700aa5a140fde7733aeb3718affce36e167342bd7c908c8611f65c5a41 [stream]
[debug] [2026-06-18T19:51:39.715Z] >>> [apiv2][query] POST https://upload-firebasehosting.googleapis.com/upload/sites/aliados-app-22/versions/a993ced759d53ec7/files/0043e5ab0cac89378b28b073f60f22595300263e16fc7cfc79b5fa9bdc31f417 [none]
[debug] [2026-06-18T19:51:39.715Z] >>> [apiv2][body] POST https://upload-firebasehosting.googleapis.com/upload/sites/aliados-app-22/versions/a993ced759d53ec7/files/0043e5ab0cac89378b28b073f60f22595300263e16fc7cfc79b5fa9bdc31f417 [stream]
[debug] [2026-06-18T19:51:39.716Z] >>> [apiv2][query] POST https://upload-firebasehosting.googleapis.com/upload/sites/aliados-app-22/versions/a993ced759d53ec7/files/0b39a0a62bd58d39a3cd829c141dc3df39ec013a5bc8a5e1fa479b816c91bf73 [none]
[debug] [2026-06-18T19:51:39.716Z] >>> [apiv2][body] POST https://upload-firebasehosting.googleapis.com/upload/sites/aliados-app-22/versions/a993ced759d53ec7/files/0b39a0a62bd58d39a3cd829c141dc3df39ec013a5bc8a5e1fa479b816c91bf73 [stream]
[debug] [2026-06-18T19:51:39.716Z] >>> [apiv2][query] POST https://upload-firebasehosting.googleapis.com/upload/sites/aliados-app-22/versions/a993ced759d53ec7/files/aee6b20ba0860246d39c108a4258b6b5f683f9137e1918974edfc75b37214206 [none]
[debug] [2026-06-18T19:51:39.716Z] >>> [apiv2][body] POST https://upload-firebasehosting.googleapis.com/upload/sites/aliados-app-22/versions/a993ced759d53ec7/files/aee6b20ba0860246d39c108a4258b6b5f683f9137e1918974edfc75b37214206 [stream]
[debug] [2026-06-18T19:51:39.716Z] [hosting][populate queue][FINAL] {"max":1223,"min":1223,"avg":1223,"active":0,"complete":1,"success":1,"errored":0,"retried":0,"total":1,"elapsed":1274}
[debug] [2026-06-18T19:51:39.716Z] [hosting] uploads queued: 87
